============================================================
  Generated by:           Genus(TM) Synthesis Solution 22.17-s071_1
  Generated on:           Jul 14 2026  11:13:00 am
  Module:                 pipelined_processor_FPU
  Operating conditions:   PVT_0P9V_125C (balanced_tree)
  Wireload mode:          enclosed
  Area mode:              timing library
============================================================

        Instance                Module         Cell Count  Cell Area  Net Area   Total Area   Wireload  
--------------------------------------------------------------------------------------------------------
pipelined_processor_FPU                             96698 319308.232     0.000   319308.232 <none> (D)  
  C                     Control_Unit                   82    116.964     0.000      116.964 <none> (D)  
    ALU_Decoder         ALU_Decoder                    15     22.914     0.000       22.914 <none> (D)  
    fpudecoder          FPU_Decoder                    29     38.646     0.000       38.646 <none> (D)  
    maindecoder         Main_Decoder                   38     55.404     0.000       55.404 <none> (D)  
  DE_REG                D_E_flipflop                  528   1975.734     0.000     1975.734 <none> (D)  
  D_RFF                 Register_File_1940           3520  14722.416     0.000    14722.416 <none> (D)  
  D_RFX                 Register_File                3520  14722.416     0.000    14722.416 <none> (D)  
  EM_REG                E_M_flipflop                  133    826.614     0.000      826.614 <none> (D)  
  FD_REG                F_D_flipflop                  304    909.036     0.000      909.036 <none> (D)  
  F_IM                  Instruction_Memory          80850 271504.908     0.000   271504.908 <none> (D)  
  F_PC_register         PC                             34    264.024     0.000      264.024 <none> (D)  
  H                     Hazard_unit                    88    156.294     0.000      156.294 <none> (D)  
  M                     Memory                        206    323.532     0.000      323.532 <none> (D)  
    dmemory             memTopo32LittleEndian         206    323.532     0.000      323.532 <none> (D)  
  MUX_UPPER             mux_2x1_3                      32     43.776     0.000       43.776 <none> (D)  
  MW_REG                M_W_flipflop                  113    675.108     0.000      675.108 <none> (D)  
  (D) = wireload is default in technology library
