============================================================
  Generated by:           Genus(TM) Synthesis Solution 22.17-s071_1
  Generated on:           Jul 10 2026  03:30:36 pm
  Module:                 pipelined_processor_FPU
  Operating conditions:   PVT_0P9V_125C (balanced_tree)
  Wireload mode:          enclosed
  Area mode:              timing library
============================================================

                                       Instance                                                             Module                      Cell Count  Cell Area  Net Area   Total Area   Wireload  
-------------------------------------------------------------------------------------------------------------------------------------------------------------------------------------------------
pipelined_processor_FPU                                                                                                                     146637 557634.120     0.000   557634.120 <none> (D)  
  ADD_UNS_OP7_Y_final_adder_F_E_FPU_fp2int_inst_mux_abs_int_22_15                      add_unsigned_8                                          285    760.750     0.000      760.750 <none> (D)  
  D_RFF_g1286                                                                          cdec_1933                                                47    125.457     0.000      125.457 <none> (D)  
  D_RFF_g1288                                                                          cdec_1937                                                47    125.457     0.000      125.457 <none> (D)  
  D_RFF_mux_REG_MEM_BLOCK[RA1]_21_14                                                   cmux_1931                                              1344   4399.006     0.000     4399.006 <none> (D)  
  D_RFF_mux_REG_MEM_BLOCK[RA2]_22_14                                                   cmux_1935                                              1344   4399.006     0.000     4399.006 <none> (D)  
  D_RFX_mux_REG_MEM_BLOCK[RA1]_21_14                                                   cmux_1931                                              1344   4399.006     0.000     4399.006 <none> (D)  
  D_RFX_mux_REG_MEM_BLOCK[RA2]_22_14                                                   cmux_1935                                              1344   4399.006     0.000     4399.006 <none> (D)  
  E_ALU_lt_25_17                                                                       lt_signed_rtlopto_model_12586                           150    400.395     0.000      400.395 <none> (D)  
  E_FPU_adder_inst_lt_50_14_Y_E_FPU_adder_inst_gt_47_9                                 cmp6_unsigned_4263                                      132    351.013     0.000      351.013 <none> (D)  
  E_FPU_adder_inst_sub_91_23_Y_E_FPU_adder_inst_sub_66_11_Y_E_FPU_adder_inst_add_60_19 addsub_unsigned_4325                                    295    786.109     0.000      786.109 <none> (D)  
  E_FPU_int2fp_inst_sll_61_31                                                          shift_left_vlog_unsigned_1789_rtlopto_model_273         335    894.216     0.000      894.216 <none> (D)  
  E_FPU_multiply_inst_mul_31_28                                                        mult_unsigned_2423                                     4886  13040.865     0.000    13040.865 <none> (D)  
  F_IM_g4099                                                                           cdec                                                   1140   3043.002     0.000     3043.002 <none> (D)  
  F_IM_g4101                                                                           cdec_1929                                              1140   3043.002     0.000     3043.002 <none> (D)  
  F_IM_mux_instruction[A]_25_31                                                        cmux                                                  43680 145722.426     0.000   145722.426 <none> (D)  
  F_IM_mux_instruction[WA]_23_36                                                       cmux_1928                                             43680 145722.426     0.000   145722.426 <none> (D)  
  F_PC_adder_add_17_20                                                                 add_unsigned_8_3236                                     286    763.420     0.000      763.420 <none> (D)  
  WALLACE_CSA_DUMMY_OP_groupi                                                          WALLACE_CSA_DUMMY_OP_group_17                           143    381.710     0.000      381.710 <none> (D)  
  csa_tree_E_ALU_eq_47_26_groupi                                                       csa_tree_E_ALU_eq_47_26_group_11                        250    667.325     0.000      667.325 <none> (D)  
  final_adder_E_FPU_int2fp_inst_mux_14_17                                              add_unsigned_2209                                       140    373.702     0.000      373.702 <none> (D)  
  inc_E_FPU_multiply_inst_add_93_46                                                    increment_unsigned_12595                                106    282.946     0.000      282.946 <none> (D)  
  (D) = wireload is default in technology library
