============================================================
  Generated by:           Genus(TM) Synthesis Solution 22.17-s071_1
  Generated on:           Jul 14 2026  11:19:18 am
  Module:                 pipelined_processor_FPU
  Operating conditions:   PVT_0P9V_125C (balanced_tree)
  Wireload mode:          enclosed
  Area mode:              timing library
============================================================

        Instance                Module         Cell Count  Cell Area  Net Area   Total Area   Wireload  
--------------------------------------------------------------------------------------------------------
pipelined_processor_FPU                             95233 317246.519     0.000   317246.519 <none> (D)  
  C                     Control_Unit                   82    116.964     0.000      116.964 <none> (D)  
    ALU_Decoder         ALU_Decoder                    15     22.914     0.000       22.914 <none> (D)  
    fpudecoder          FPU_Decoder                    29     38.646     0.000       38.646 <none> (D)  
    maindecoder         Main_Decoder                   38     55.404     0.000       55.404 <none> (D)  
  DE_REG                D_E_flipflop                  524   1970.604     0.000     1970.604 <none> (D)  
  D_RFF                 Register_File_1940           3514  14718.312     0.000    14718.312 <none> (D)  
  D_RFX                 Register_File                3514  14718.312     0.000    14718.312 <none> (D)  
  EM_REG                E_M_flipflop                  131    822.510     0.000      822.510 <none> (D)  
  FD_REG                F_D_flipflop                  306    910.404     0.000      910.404 <none> (D)  
  F_IM                  Instruction_Memory          80140 270079.794     0.000   270079.794 <none> (D)  
  F_PC_register         PC                             34    264.024     0.000      264.024 <none> (D)  
  H                     Hazard_unit                    81    141.246     0.000      141.246 <none> (D)  
  M                     Memory                        205    322.848     0.000      322.848 <none> (D)  
    dmemory             memTopo32LittleEndian         205    322.848     0.000      322.848 <none> (D)  
  MUX_UPPER             mux_2x1_3                      32     43.776     0.000       43.776 <none> (D)  
  MW_REG                M_W_flipflop                  111    672.714     0.000      672.714 <none> (D)  
  (D) = wireload is default in technology library
