============================================================
  Generated by:           Genus(TM) Synthesis Solution 22.17-s071_1
  Generated on:           Jul 10 2026  01:29:40 pm
  Module:                 pipelined_processor_FPU
  Operating conditions:   PVT_0P9V_125C (balanced_tree)
  Wireload mode:          enclosed
  Area mode:              timing library
============================================================


Path 1: MET (8434 ps) Late External Delay Assertion at pin InstrDC[23]
          Group: clk
     Startpoint: (F) we
          Clock: (R) clk
       Endpoint: (R) InstrDC[23]
          Clock: (R) clk

                     Capture       Launch     
        Clock Edge:+   30000            0     
        Drv Adjust:+       0            0     
       Src Latency:+    1500         1500     
       Net Latency:+     900 (I)      900 (I) 
           Arrival:=   32400         2400     
                                              
      Output Delay:-    9000                  
       Uncertainty:-    3000                  
     Required Time:=   20400                  
      Launch Clock:-    2400                  
       Input Delay:-    9000                  
         Data Path:-     566                  
             Slack:=    8434                  

Exceptions/Constraints:
  input_delay              9000            constraints_top.sdc_line_33       
  output_delay             9000            constraints_top.sdc_line_43_175_1 

#-------------------------------------------------------------------------------------------------
# Timing Point   Flags    Arc    Edge       Cell         Fanout Load Trans Delay Arrival Instance 
#                                                               (fF)  (ps)  (ps)   (ps)  Location 
#-------------------------------------------------------------------------------------------------
  we             (u)     -       F     (arrival)             96 10.0  3000     0   11400    (-,-) 
  F_IM/g43454/z  (u)     in_1->z R     unmapped_complex2      2  2.0     0    70   11470    (-,-) 
  g17569/z       (u)     in_1->z F     unmapped_nand2         1  1.0     0    60   11530    (-,-) 
  g17547/z       (u)     in_1->z R     unmapped_nand2         1  1.0     0    60   11590    (-,-) 
  g17538/z       (u)     in_0->z F     unmapped_nand2         1  1.0     0    60   11650    (-,-) 
  g17531/z       (u)     in_0->z R     unmapped_nand2         1  1.0     0    60   11710    (-,-) 
  g17527/z       (u)     in_0->z R     unmapped_complex2      1  1.0     0    60   11770    (-,-) 
  g15171/z       (u)     in_0->z R     unmapped_or2           1  1.0     0    60   11830    (-,-) 
  g22697/z       (u)     in_1->z R     unmapped_complex2     14 53.0     0   136   11966    (-,-) 
  InstrDC[23]    <<<     -       R     (port)                 -    -     -     0   11966    (-,-) 
#-------------------------------------------------------------------------------------------------

(u) : Net has unmapped pin(s).

