============================================================
  Generated by:           Genus(TM) Synthesis Solution 22.17-s071_1
  Generated on:           Jul 14 2026  10:23:14 am
  Module:                 pipelined_processor_FPU
  Operating conditions:   PVT_0P9V_125C (balanced_tree)
  Wireload mode:          enclosed
  Area mode:              timing library
============================================================


Path 1: MET (6429 ps) Setup Check with Pin FD_REG/PCPlus4D_reg[31]/CK->D
          Group: clk
     Startpoint: (R) MW_REG/RdW_reg[0]/CK
          Clock: (R) clk
       Endpoint: (R) FD_REG/PCPlus4D_reg[31]/D
          Clock: (R) clk

                     Capture       Launch     
        Clock Edge:+   30000            0     
       Src Latency:+    1500         1500     
       Net Latency:+     900 (I)      900 (I) 
           Arrival:=   32400         2400     
                                              
             Setup:-    -702                  
       Uncertainty:-    3000                  
     Required Time:=   30102                  
      Launch Clock:-    2400                  
         Data Path:-   21272                  
             Slack:=    6429                  

#----------------------------------------------------------------------------------------------------------------------
#                Timing Point                  Flags    Arc   Edge   Cell     Fanout Load Trans Delay Arrival Instance 
#                                                                                    (fF)  (ps)  (ps)   (ps)  Location 
#----------------------------------------------------------------------------------------------------------------------
  MW_REG/RdW_reg[0]/CK                         -       -      R     (arrival)   2652    -  3000     0    2400    (-,-) 
  MW_REG/RdW_reg[0]/Q                          -       CK->Q  F     DFFRHQX4       4 40.9   278  1901    4301    (-,-) 
  H/drc_bufs1583/Y                             -       A->Y   R     INVX1          1  0.2    59   168    4470    (-,-) 
  H/drc_bufs1581/Y                             -       A->Y   F     INVXL          2  0.4    37    59    4529    (-,-) 
  H/g1568/Y                                    -       A->Y   R     XNOR2X1        1  0.2    22   195    4724    (-,-) 
  H/g1549/Y                                    -       A->Y   R     AND2XL         1  0.2    20   107    4831    (-,-) 
  H/g1544/Y                                    -       D->Y   F     NAND4XL        1  0.3   198   142    4972    (-,-) 
  H/g1538/Y                                    -       C->Y   R     NOR4X1         2  1.6   230   266    5238    (-,-) 
  g21175/Y                                     -       B->Y   F     NOR2X2        29  7.1   139   185    5424    (-,-) 
  g21171/Y                                     -       A->Y   R     INVX2         39 15.8   188   170    5594    (-,-) 
  g20964/Y                                     -       C0->Y  F     OAI221X1       2  0.8   192   245    5839    (-,-) 
  g20901/Y                                     -       B0->Y  R     OAI2BB1X1      2  0.6    60   131    5970    (-,-) 
  g20869/Y                                     -       A1->Y  R     AO22X4       100 40.2   249   338    6308    (-,-) 
  E_ALU_lt_25_17_g768/Y                        -       AN->Y  R     NOR2BX1        2  0.6    73   203    6511    (-,-) 
  E_ALU_lt_25_17_g738/Y                        -       B->Y   R     AND2XL         1  0.4    27   125    6636    (-,-) 
  E_ALU_lt_25_17_g737/Y                        -       A1->Y  F     OAI22X1        1  0.4   103    93    6729    (-,-) 
  E_ALU_lt_25_17_g736/Y                        -       A1->Y  R     AOI22X1        1  0.4    92   119    6848    (-,-) 
  E_ALU_lt_25_17_g735/Y                        -       A1->Y  F     OAI22X1        1  0.4    96   131    6979    (-,-) 
  E_ALU_lt_25_17_g734/Y                        -       A1->Y  R     AOI22X1        1  0.4    92   116    7095    (-,-) 
  E_ALU_lt_25_17_g733/Y                        -       A1->Y  F     OAI22X1        1  0.4    97   131    7225    (-,-) 
  E_ALU_lt_25_17_g732/Y                        -       A1->Y  R     AOI22X1        1  0.4    92   116    7341    (-,-) 
  E_ALU_lt_25_17_g731/Y                        -       A1->Y  F     OAI22X1        1  0.4    97   131    7472    (-,-) 
  E_ALU_lt_25_17_g730/Y                        -       A1->Y  R     AOI22X1        1  0.4    92   116    7588    (-,-) 
  E_ALU_lt_25_17_g729/Y                        -       A1->Y  F     OAI22X1        1  0.4    97   131    7719    (-,-) 
  E_ALU_lt_25_17_g728/Y                        -       A1->Y  R     AOI22X1        1  0.4    92   116    7835    (-,-) 
  E_ALU_lt_25_17_g727/Y                        -       A1->Y  F     OAI22X1        1  0.4    97   131    7966    (-,-) 
  E_ALU_lt_25_17_g726/Y                        -       A1->Y  R     AOI22X1        1  0.4    92   116    8082    (-,-) 
  E_ALU_lt_25_17_g725/Y                        -       A1->Y  F     OAI22X1        1  0.4    97   131    8213    (-,-) 
  E_ALU_lt_25_17_g724/Y                        -       A1->Y  R     AOI22X1        1  0.4    92   116    8329    (-,-) 
  E_ALU_lt_25_17_g723/Y                        -       A1->Y  F     OAI22X1        1  0.4    97   131    8460    (-,-) 
  E_ALU_lt_25_17_g722/Y                        -       A1->Y  R     AOI22X1        1  0.4    92   116    8576    (-,-) 
  E_ALU_lt_25_17_g721/Y                        -       A1->Y  F     OAI22X1        1  0.4    97   131    8707    (-,-) 
  E_ALU_lt_25_17_g720/Y                        -       A1->Y  R     AOI22X1        1  0.4    92   116    8823    (-,-) 
  E_ALU_lt_25_17_g719/Y                        -       A1->Y  F     OAI22X1        1  0.4    97   131    8954    (-,-) 
  E_ALU_lt_25_17_g718/Y                        -       A1->Y  R     AOI22X1        1  0.4    92   116    9070    (-,-) 
  E_ALU_lt_25_17_g717/Y                        -       A1->Y  F     OAI22X1        1  0.4    97   131    9201    (-,-) 
  E_ALU_lt_25_17_g716/Y                        -       A1->Y  R     AOI22X1        1  0.4    92   116    9317    (-,-) 
  E_ALU_lt_25_17_g715/Y                        -       A1->Y  F     OAI22X1        1  0.4    95   131    9448    (-,-) 
  E_ALU_lt_25_17_g714/Y                        -       A1->Y  R     AOI22X1        1  0.4    79   115    9563    (-,-) 
  E_ALU_lt_25_17_g713/Y                        -       A1->Y  F     OAI22X1        1  0.4    95   123    9686    (-,-) 
  E_ALU_lt_25_17_g712/Y                        -       A1->Y  R     AOI22X1        1  0.4    79   115    9801    (-,-) 
  E_ALU_lt_25_17_g711/Y                        -       A1->Y  F     OAI22X1        1  0.4    95   123    9924    (-,-) 
  E_ALU_lt_25_17_g710/Y                        -       A1->Y  R     AOI22X1        1  0.4    79   115   10039    (-,-) 
  E_ALU_lt_25_17_g709/Y                        -       B1->Y  F     OAI222X1       1  0.2   174   202   10241    (-,-) 
  E_ALU_lt_25_17_g708/Y                        -       B0->Y  F     OA21X1         1  0.4    29   149   10390    (-,-) 
  E_ALU_lt_25_17_g707/Y                        -       A1->Y  R     OAI22X1        1  0.4    81    70   10460    (-,-) 
  g5720/Y                                      -       B1->Y  F     AOI221X1       1  0.3   116   108   10567    (-,-) 
  g5652/Y                                      -       D->Y   R     NAND4X1        3  0.8    66    92   10659    (-,-) 
  final_adder_E_ALU_mux_ResultReg_29_8_g783/Y  -       B->Y   R     AND2XL         2  0.8    41   130   10788    (-,-) 
  final_adder_E_ALU_mux_ResultReg_29_8_g780/CO -       CI->CO R     ADDFX1         1  0.6    39   187   10976    (-,-) 
  final_adder_E_ALU_mux_ResultReg_29_8_g779/CO -       CI->CO R     ADDFX1         1  0.6    39   186   11162    (-,-) 
  final_adder_E_ALU_mux_ResultReg_29_8_g778/CO -       CI->CO R     ADDFX1         1  0.6    39   186   11348    (-,-) 
  final_adder_E_ALU_mux_ResultReg_29_8_g777/CO -       CI->CO R     ADDFX1         1  0.6    39   186   11534    (-,-) 
  final_adder_E_ALU_mux_ResultReg_29_8_g776/CO -       CI->CO R     ADDFX1         1  0.6    39   186   11720    (-,-) 
  final_adder_E_ALU_mux_ResultReg_29_8_g775/CO -       CI->CO R     ADDFX1         1  0.6    39   186   11906    (-,-) 
  final_adder_E_ALU_mux_ResultReg_29_8_g774/CO -       CI->CO R     ADDFX1         1  0.6    39   186   12092    (-,-) 
  final_adder_E_ALU_mux_ResultReg_29_8_g773/CO -       CI->CO R     ADDFX1         1  0.6    39   186   12278    (-,-) 
  final_adder_E_ALU_mux_ResultReg_29_8_g772/CO -       CI->CO R     ADDFX1         1  0.6    39   186   12464    (-,-) 
  final_adder_E_ALU_mux_ResultReg_29_8_g771/CO -       CI->CO R     ADDFX1         1  0.6    39   186   12650    (-,-) 
  final_adder_E_ALU_mux_ResultReg_29_8_g770/CO -       CI->CO R     ADDFX1         1  0.6    39   186   12836    (-,-) 
  final_adder_E_ALU_mux_ResultReg_29_8_g769/CO -       CI->CO R     ADDFX1         1  0.6    39   186   13022    (-,-) 
  final_adder_E_ALU_mux_ResultReg_29_8_g768/CO -       CI->CO R     ADDFX1         1  0.6    39   186   13208    (-,-) 
  final_adder_E_ALU_mux_ResultReg_29_8_g767/CO -       CI->CO R     ADDFX1         1  0.6    39   186   13394    (-,-) 
  final_adder_E_ALU_mux_ResultReg_29_8_g766/CO -       CI->CO R     ADDFX1         1  0.6    39   186   13580    (-,-) 
  final_adder_E_ALU_mux_ResultReg_29_8_g765/CO -       CI->CO R     ADDFX1         1  0.6    39   186   13766    (-,-) 
  final_adder_E_ALU_mux_ResultReg_29_8_g764/CO -       CI->CO R     ADDFX1         1  0.6    39   186   13952    (-,-) 
  final_adder_E_ALU_mux_ResultReg_29_8_g763/CO -       CI->CO R     ADDFX1         1  0.6    39   186   14138    (-,-) 
  final_adder_E_ALU_mux_ResultReg_29_8_g762/CO -       CI->CO R     ADDFX1         1  0.6    39   186   14324    (-,-) 
  final_adder_E_ALU_mux_ResultReg_29_8_g761/CO -       CI->CO R     ADDFX1         1  0.6    39   186   14510    (-,-) 
  final_adder_E_ALU_mux_ResultReg_29_8_g760/CO -       CI->CO R     ADDFX1         1  0.6    39   186   14696    (-,-) 
  final_adder_E_ALU_mux_ResultReg_29_8_g759/CO -       CI->CO R     ADDFX1         1  0.6    39   186   14882    (-,-) 
  final_adder_E_ALU_mux_ResultReg_29_8_g758/CO -       CI->CO R     ADDFX1         1  0.6    39   186   15068    (-,-) 
  final_adder_E_ALU_mux_ResultReg_29_8_g757/CO -       CI->CO R     ADDFX1         1  0.6    39   186   15254    (-,-) 
  final_adder_E_ALU_mux_ResultReg_29_8_g756/CO -       CI->CO R     ADDFX1         1  0.6    39   186   15440    (-,-) 
  final_adder_E_ALU_mux_ResultReg_29_8_g755/CO -       CI->CO R     ADDFX1         1  0.6    39   186   15626    (-,-) 
  final_adder_E_ALU_mux_ResultReg_29_8_g754/CO -       CI->CO R     ADDFX1         1  0.6    39   186   15812    (-,-) 
  final_adder_E_ALU_mux_ResultReg_29_8_g753/CO -       CI->CO R     ADDFX1         1  0.6    39   186   15998    (-,-) 
  final_adder_E_ALU_mux_ResultReg_29_8_g752/CO -       CI->CO R     ADDFX1         1  0.6    39   186   16184    (-,-) 
  final_adder_E_ALU_mux_ResultReg_29_8_g751/CO -       CI->CO R     ADDFX1         1  0.4    35   184   16367    (-,-) 
  final_adder_E_ALU_mux_ResultReg_29_8_g750/Y  -       B->Y   F     XNOR2X1        4  1.2    48   140   16508    (-,-) 
  g16868/Y                                     -       B->Y   R     NAND2X1        1  0.4    54    43   16550    (-,-) 
  g16866/Y                                     -       C0->Y  F     OAI211X1       1  0.4   132   131   16681    (-,-) 
  g16865/Y                                     -       B->Y   R     XNOR2X1        1  0.4    27   203   16884    (-,-) 
  g16864/Y                                     -       S0->Y  F     MX2XL          1  0.7    48   144   17028    (-,-) 
  g16863/Y                                     -       D->Y   F     OR4X8        163 58.9   268   382   17410    (-,-) 
  g16973/Y                                     -       S0->Y  R     MX2XL          2  0.4    29   242   17652    (-,-) 
  F_PC_adder_add_17_20_g783/Y                  -       B->Y   R     AND2XL         2  1.0    49   117   17769    (-,-) 
  F_PC_adder_add_17_20_g780/CO                 -       B->CO  R     ADDFX1         1  0.6    39   204   17973    (-,-) 
  F_PC_adder_add_17_20_g779/CO                 -       CI->CO R     ADDFX1         1  0.6    39   186   18159    (-,-) 
  F_PC_adder_add_17_20_g778/CO                 -       CI->CO R     ADDFX1         1  0.6    39   186   18345    (-,-) 
  F_PC_adder_add_17_20_g777/CO                 -       CI->CO R     ADDFX1         1  0.6    39   186   18531    (-,-) 
  F_PC_adder_add_17_20_g776/CO                 -       CI->CO R     ADDFX1         1  0.6    39   186   18717    (-,-) 
  F_PC_adder_add_17_20_g775/CO                 -       CI->CO R     ADDFX1         1  0.6    39   186   18903    (-,-) 
  F_PC_adder_add_17_20_g774/CO                 -       CI->CO R     ADDFX1         1  0.6    39   186   19089    (-,-) 
  F_PC_adder_add_17_20_g773/CO                 -       CI->CO R     ADDFX1         1  0.6    39   186   19275    (-,-) 
  F_PC_adder_add_17_20_g772/CO                 -       CI->CO R     ADDFX1         1  0.6    39   186   19461    (-,-) 
  F_PC_adder_add_17_20_g771/CO                 -       CI->CO R     ADDFX1         1  0.6    39   186   19647    (-,-) 
  F_PC_adder_add_17_20_g770/CO                 -       CI->CO R     ADDFX1         1  0.6    39   186   19833    (-,-) 
  F_PC_adder_add_17_20_g769/CO                 -       CI->CO R     ADDFX1         1  0.6    39   186   20019    (-,-) 
  F_PC_adder_add_17_20_g768/CO                 -       CI->CO R     ADDFX1         1  0.6    39   186   20205    (-,-) 
  F_PC_adder_add_17_20_g767/CO                 -       CI->CO R     ADDFX1         1  0.6    39   186   20391    (-,-) 
  F_PC_adder_add_17_20_g766/CO                 -       CI->CO R     ADDFX1         1  0.6    39   186   20577    (-,-) 
  F_PC_adder_add_17_20_g765/CO                 -       CI->CO R     ADDFX1         1  0.6    39   186   20763    (-,-) 
  F_PC_adder_add_17_20_g764/CO                 -       CI->CO R     ADDFX1         1  0.6    39   186   20949    (-,-) 
  F_PC_adder_add_17_20_g763/CO                 -       CI->CO R     ADDFX1         1  0.6    39   186   21135    (-,-) 
  F_PC_adder_add_17_20_g762/CO                 -       CI->CO R     ADDFX1         1  0.6    39   186   21321    (-,-) 
  F_PC_adder_add_17_20_g761/CO                 -       CI->CO R     ADDFX1         1  0.6    39   186   21507    (-,-) 
  F_PC_adder_add_17_20_g760/CO                 -       CI->CO R     ADDFX1         1  0.6    39   186   21693    (-,-) 
  F_PC_adder_add_17_20_g759/CO                 -       CI->CO R     ADDFX1         1  0.6    39   186   21879    (-,-) 
  F_PC_adder_add_17_20_g758/CO                 -       CI->CO R     ADDFX1         1  0.6    39   186   22065    (-,-) 
  F_PC_adder_add_17_20_g757/CO                 -       CI->CO R     ADDFX1         1  0.6    39   186   22251    (-,-) 
  F_PC_adder_add_17_20_g756/CO                 -       CI->CO R     ADDFX1         1  0.6    39   186   22437    (-,-) 
  F_PC_adder_add_17_20_g755/CO                 -       CI->CO R     ADDFX1         1  0.6    39   186   22623    (-,-) 
  F_PC_adder_add_17_20_g754/CO                 -       CI->CO R     ADDFX1         1  0.6    39   186   22809    (-,-) 
  F_PC_adder_add_17_20_g753/CO                 -       CI->CO R     ADDFX1         1  0.6    39   186   22995    (-,-) 
  F_PC_adder_add_17_20_g752/CO                 -       CI->CO R     ADDFX1         1  0.6    39   186   23181    (-,-) 
  F_PC_adder_add_17_20_g751/CO                 -       CI->CO R     ADDFX1         1  0.4    35   184   23365    (-,-) 
  F_PC_adder_add_17_20_g750/Y                  -       B->Y   R     XNOR2X1        2  0.6    31   128   23492    (-,-) 
  FD_REG/g489/Y                                -       A1->Y  F     AOI22X1        1  0.3   105    96   23588    (-,-) 
  FD_REG/g392/Y                                -       B->Y   R     NOR2X1         1  0.3    54    84   23672    (-,-) 
  FD_REG/PCPlus4D_reg[31]/D                    <<<     -      R     DFFRHQX1       1    -     -     0   23672    (-,-) 
#----------------------------------------------------------------------------------------------------------------------

