============================================================
  Generated by:           Genus(TM) Synthesis Solution 22.17-s071_1
  Generated on:           Jul 10 2026  01:47:18 pm
  Module:                 pipelined_processor_FPU
  Operating conditions:   PVT_0P9V_125C (balanced_tree)
  Wireload mode:          enclosed
  Area mode:              timing library
============================================================


Path 1: MET (6503 ps) Late External Delay Assertion at pin InstrDC[23]
          Group: clk
     Startpoint: (R) we
          Clock: (R) clk
       Endpoint: (F) InstrDC[23]
          Clock: (R) clk

                     Capture       Launch     
        Clock Edge:+   30000            0     
        Drv Adjust:+       0            0     
       Src Latency:+    1500         1500     
       Net Latency:+     900 (I)      900 (I) 
           Arrival:=   32400         2400     
                                              
      Output Delay:-    9000                  
       Uncertainty:-    3000                  
     Required Time:=   20400                  
      Launch Clock:-    2400                  
       Input Delay:-    9000                  
         Data Path:-    2497                  
             Slack:=    6503                  

Exceptions/Constraints:
  input_delay              9000            constraints_top.sdc_line_33       
  output_delay             9000            constraints_top.sdc_line_43_175_1 

#---------------------------------------------------------------------------------------
# Timing Point   Flags   Arc   Edge   Cell     Fanout Load Trans Delay Arrival Instance 
#                                                     (fF)  (ps)  (ps)   (ps)  Location 
#---------------------------------------------------------------------------------------
  we             -       -     R     (arrival)      1  0.2  3000     0   11400    (-,-) 
  g22797/Y       -       A->Y  R     BUFX2         33 14.4   192  1707   13107    (-,-) 
  F_IM/g44731/Y  -       B->Y  F     NOR2BX1        2  0.6    62   136   13242    (-,-) 
  g34579/Y       -       A->Y  F     MX2XL          1  0.4    35   142   13384    (-,-) 
  g34441/Y       -       B1->Y R     AOI222X1       1  0.4   130   146   13530    (-,-) 
  g34386/Y       -       B->Y  F     NAND2X1        1  0.7    83   122   13651    (-,-) 
  g34379/Y       -       B->Y  F     OR2X6         13 43.0   218   245   13897    (-,-) 
  InstrDC[23]    <<<     -     F     (port)         -    -     -     0   13897    (-,-) 
#---------------------------------------------------------------------------------------

