============================================================
  Generated by:           Genus(TM) Synthesis Solution 22.17-s071_1
  Generated on:           Jul 10 2026  03:48:27 pm
  Module:                 pipelined_processor_FPU
  Operating conditions:   PVT_0P9V_125C (balanced_tree)
  Wireload mode:          enclosed
  Area mode:              timing library
============================================================

Timing
--------

Clock  Period 
--------------
clk   10000.0 


  Cost    Critical         Violating 
 Group   Path Slack  TNS     Paths   
-------------------------------------
clk             1.2   0.0          0 
default    No paths   0.0            
-------------------------------------
Total                 0.0          0 

Instance Count
--------------
Leaf Instance Count             94110 
Physical Instance count             0 
Sequential Instance Count       35355 
Combinational Instance Count    58755 
Hierarchical Instance Count         0 

Area
----
Cell Area                          314906.675
Physical Cell Area                 0.000
Total Cell Area (Cell+Physical)    314906.675
Net Area                           0.000
Total Area (Cell+Physical+Net)     314906.675

Max Fanout                         2587 (clk)
Min Fanout                         0 (RD2E[7])
Average Fanout                     3.0
Terms to net ratio                 4.4629
Terms to instance ratio            4.4811
Runtime                            7091.813215000001 seconds
Elapsed Runtime                    6791 seconds
Genus peak memory usage            3273.63 
Innovus peak memory usage          no_value 
Hostname                           microeletronica-047
