============================================================
  Generated by:           Genus(TM) Synthesis Solution 22.17-s071_1
  Generated on:           Jul 10 2026  03:43:04 pm
  Module:                 pipelined_processor_FPU
  Operating conditions:   PVT_0P9V_125C (balanced_tree)
  Wireload mode:          enclosed
  Area mode:              timing library
============================================================

Timing
--------

Clock  Period 
--------------
clk   10000.0 


  Cost    Critical         Violating 
 Group   Path Slack  TNS     Paths   
-------------------------------------
clk           261.6   0.0          0 
default    No paths   0.0            
-------------------------------------
Total                 0.0          0 

Instance Count
--------------
Leaf Instance Count             95101 
Physical Instance count             0 
Sequential Instance Count       35355 
Combinational Instance Count    59746 
Hierarchical Instance Count         0 

Area
----
Cell Area                          316547.932
Physical Cell Area                 0.000
Total Cell Area (Cell+Physical)    316547.932
Net Area                           0.000
Total Area (Cell+Physical+Net)     316547.932

Max Fanout                         2587 (clk)
Min Fanout                         0 (n_111)
Average Fanout                     3.0
Terms to net ratio                 4.4385
Terms to instance ratio            4.4555
Runtime                            6676.2300620000005 seconds
Elapsed Runtime                    6468 seconds
Genus peak memory usage            3273.63 
Innovus peak memory usage          no_value 
Hostname                           microeletronica-047
