============================================================
  Generated by:           Genus(TM) Synthesis Solution 22.17-s071_1
  Generated on:           Jul 10 2026  02:51:25 pm
  Module:                 pipelined_processor_FPU
  Operating conditions:   PVT_0P9V_125C (balanced_tree)
  Wireload mode:          enclosed
  Area mode:              timing library
============================================================


Path 1: MET (1126 ps) Setup Check with Pin F_PC_register_PC_reg[1]/CK->SI
          Group: clk
     Startpoint: (R) MW_REG_RdW_reg[1]/CK
          Clock: (R) clk
       Endpoint: (R) F_PC_register_PC_reg[1]/SI
          Clock: (R) clk

                     Capture       Launch     
        Clock Edge:+   20000            0     
       Src Latency:+    1000         1000     
       Net Latency:+       0 (I)        0 (I) 
           Arrival:=   21000         1000     
                                              
             Setup:-    -421                  
       Uncertainty:-    2000                  
     Required Time:=   19421                  
      Launch Clock:-    1000                  
         Data Path:-   17295                  
             Slack:=    1126                  

#-------------------------------------------------------------------------------------------------------------------
#               Timing Point                Flags    Arc   Edge   Cell     Fanout Load Trans Delay Arrival Instance 
#                                                                                 (fF)  (ps)  (ps)   (ps)  Location 
#-------------------------------------------------------------------------------------------------------------------
  MW_REG_RdW_reg[1]/CK                      -       -      R     (arrival)   2587    -  2000     0    1000    (-,-) 
  MW_REG_RdW_reg[1]/Q                       -       CK->Q  F     DFFRX4         3 40.4   277  1376    2376    (-,-) 
  g70661/Y                                  -       A->Y   R     XNOR2X1        1  0.4    26   302    2678    (-,-) 
  g70565/Y                                  -       C0->Y  F     OAI221X1       1  0.3   147   140    2818    (-,-) 
  g70535/Y                                  -       C->Y   R     NOR4X1         1  0.4   122   177    2996    (-,-) 
  g70511/Y                                  -       A->Y   R     OR2X4         66 23.0   137   208    3203    (-,-) 
  g85255/Y                                  -       B->Y   F     NOR2BX2       32  7.7   131   139    3342    (-,-) 
  g85020/Y                                  -       A1->Y  R     AOI22X1        1  0.8   102   144    3486    (-,-) 
  g159798/Y                                 -       B0->Y  F     OAI2BB1X2     22  8.2   261   218    3704    (-,-) 
  E_FPU_multiply_inst_mul_31_28_g15817/Y    -       A->Y   R     INVX1         21  8.2   218   251    3955    (-,-) 
  E_FPU_multiply_inst_mul_31_28_g15637/Y    -       B1->Y  F     AOI22X1        2  0.5   116   170    4125    (-,-) 
  g159809/Y                                 -       B1->Y  F     OA22X1         2  0.7    40   186    4311    (-,-) 
  E_FPU_multiply_inst_mul_31_28_g15135/Y    -       B->Y   R     NOR2X1         2  1.0    72    67    4378    (-,-) 
  E_FPU_multiply_inst_mul_31_28_g15056/CO   -       CI->CO R     ADDFX1         1  0.6    39   203    4581    (-,-) 
  E_FPU_multiply_inst_mul_31_28_g15000/CO   -       CI->CO R     ADDFX1         1  0.6    39   186    4767    (-,-) 
  E_FPU_multiply_inst_mul_31_28_g14940/CO   -       CI->CO R     ADDFX1         1  0.6    39   186    4953    (-,-) 
  E_FPU_multiply_inst_mul_31_28_g14928/CO   -       CI->CO R     ADDFX1         1  0.6    39   186    5139    (-,-) 
  E_FPU_multiply_inst_mul_31_28_g14893/CO   -       CI->CO R     ADDFX1         1  0.6    39   186    5325    (-,-) 
  E_FPU_multiply_inst_mul_31_28_g14877/CO   -       CI->CO R     ADDFX1         1  0.6    39   186    5511    (-,-) 
  E_FPU_multiply_inst_mul_31_28_g14862/CO   -       CI->CO R     ADDFX1         1  0.6    39   186    5697    (-,-) 
  E_FPU_multiply_inst_mul_31_28_g14852/CO   -       CI->CO R     ADDFX1         1  0.6    39   186    5883    (-,-) 
  E_FPU_multiply_inst_mul_31_28_g14847/CO   -       CI->CO R     ADDFX1         1  0.6    39   186    6069    (-,-) 
  E_FPU_multiply_inst_mul_31_28_g14846/CO   -       CI->CO R     ADDFX1         1  0.6    39   186    6255    (-,-) 
  E_FPU_multiply_inst_mul_31_28_g14845/CO   -       CI->CO R     ADDFX1         1  0.6    39   186    6441    (-,-) 
  E_FPU_multiply_inst_mul_31_28_g14844/CO   -       CI->CO R     ADDFX1         1  0.6    39   186    6627    (-,-) 
  E_FPU_multiply_inst_mul_31_28_g14843/CO   -       CI->CO R     ADDFX1         1  0.6    39   186    6813    (-,-) 
  E_FPU_multiply_inst_mul_31_28_g14842/CO   -       CI->CO R     ADDFX1         1  0.6    39   186    6999    (-,-) 
  E_FPU_multiply_inst_mul_31_28_g14841/CO   -       CI->CO R     ADDFX1         1  0.6    39   186    7185    (-,-) 
  E_FPU_multiply_inst_mul_31_28_g14840/CO   -       CI->CO R     ADDFX1         1  0.6    39   186    7371    (-,-) 
  E_FPU_multiply_inst_mul_31_28_g14839/CO   -       CI->CO R     ADDFX1         1  0.6    39   186    7557    (-,-) 
  E_FPU_multiply_inst_mul_31_28_g14838/CO   -       CI->CO R     ADDFX1         1  0.6    39   186    7743    (-,-) 
  E_FPU_multiply_inst_mul_31_28_g14837/CO   -       CI->CO R     ADDFX1         1  0.6    39   186    7929    (-,-) 
  E_FPU_multiply_inst_mul_31_28_g14836/CO   -       CI->CO R     ADDFX1         1  0.6    39   186    8115    (-,-) 
  E_FPU_multiply_inst_mul_31_28_g14835/CO   -       CI->CO R     ADDFX1         1  0.6    39   186    8301    (-,-) 
  E_FPU_multiply_inst_mul_31_28_g14834/CO   -       CI->CO R     ADDFX1         1  0.6    39   186    8487    (-,-) 
  E_FPU_multiply_inst_mul_31_28_g14833/CO   -       CI->CO R     ADDFX1         1  0.6    39   186    8673    (-,-) 
  E_FPU_multiply_inst_mul_31_28_g14832/CO   -       CI->CO R     ADDFX1         1  0.6    39   186    8859    (-,-) 
  E_FPU_multiply_inst_mul_31_28_g14831/CO   -       CI->CO R     ADDFX1         1  0.6    39   186    9045    (-,-) 
  E_FPU_multiply_inst_mul_31_28_g14830/CO   -       CI->CO R     ADDFX1         1  0.6    39   186    9231    (-,-) 
  E_FPU_multiply_inst_mul_31_28_g14829/CO   -       CI->CO R     ADDFX1         1  0.6    39   186    9417    (-,-) 
  E_FPU_multiply_inst_mul_31_28_g14828/CO   -       CI->CO R     ADDFX1         1  0.6    39   186    9603    (-,-) 
  E_FPU_multiply_inst_mul_31_28_g14827/CO   -       CI->CO R     ADDFX1         1  0.6    39   186    9789    (-,-) 
  E_FPU_multiply_inst_mul_31_28_g14826/CO   -       CI->CO R     ADDFX1         1  0.6    39   186    9975    (-,-) 
  E_FPU_multiply_inst_mul_31_28_g14825/CO   -       CI->CO R     ADDFX1         1  0.6    39   186   10161    (-,-) 
  E_FPU_multiply_inst_mul_31_28_g14824/CO   -       CI->CO R     ADDFX1         1  0.6    39   186   10347    (-,-) 
  E_FPU_multiply_inst_mul_31_28_g14823/CO   -       CI->CO R     ADDFX1         1  0.6    39   186   10533    (-,-) 
  E_FPU_multiply_inst_mul_31_28_g14822/CO   -       CI->CO R     ADDFX1         1  0.6    39   186   10719    (-,-) 
  E_FPU_multiply_inst_mul_31_28_g14821/CO   -       CI->CO R     ADDFX1         1  0.6    39   186   10905    (-,-) 
  E_FPU_multiply_inst_mul_31_28_g14820/CO   -       CI->CO R     ADDFX1         1  0.6    39   186   11091    (-,-) 
  E_FPU_multiply_inst_mul_31_28_g14819/CO   -       CI->CO R     ADDFX1         1  0.6    39   186   11277    (-,-) 
  E_FPU_multiply_inst_mul_31_28_g14818/CO   -       CI->CO R     ADDFX1         1  0.6    39   186   11463    (-,-) 
  E_FPU_multiply_inst_mul_31_28_g14817/CO   -       CI->CO R     ADDFX1         1  0.6    39   186   11649    (-,-) 
  E_FPU_multiply_inst_mul_31_28_g14816/CO   -       CI->CO R     ADDFX1         1  0.6    39   186   11835    (-,-) 
  E_FPU_multiply_inst_mul_31_28_g14815/CO   -       CI->CO R     ADDFX1         1  0.6    39   186   12021    (-,-) 
  E_FPU_multiply_inst_mul_31_28_g14814/CO   -       CI->CO R     ADDFX1         1  0.6    39   186   12207    (-,-) 
  E_FPU_multiply_inst_mul_31_28_g14813/CO   -       CI->CO R     ADDFX1         1  0.6    39   186   12393    (-,-) 
  E_FPU_multiply_inst_mul_31_28_g14812/CO   -       CI->CO R     ADDFX1         1  0.6    39   186   12579    (-,-) 
  E_FPU_multiply_inst_mul_31_28_g14811/CO   -       CI->CO R     ADDFX1         1  0.4    35   184   12763    (-,-) 
  E_FPU_multiply_inst_mul_31_28_g14810/Y    -       B->Y   F     XNOR2X1       26 10.2   270   261   13024    (-,-) 
  g64044/Y                                  -       S0->Y  R     MX2XL          3  0.8    44   250   13274    (-,-) 
  g64027/Y                                  -       A1->Y  F     OAI22X1        1  0.4    98   103   13377    (-,-) 
  g64026/Y                                  -       B0->Y  R     OAI2BB1X1      2  0.4    40    75   13452    (-,-) 
  inc_E_FPU_multiply_inst_add_93_46_g336/Y  -       B->Y   R     AND2XL         3  0.8    41   118   13570    (-,-) 
  inc_E_FPU_multiply_inst_add_93_46_g334/Y  -       B->Y   R     AND2XL         2  1.0    49   123   13692    (-,-) 
  inc_E_FPU_multiply_inst_add_93_46_g332/CO -       B->CO  R     ADDHX1         2  0.4    24   131   13823    (-,-) 
  inc_E_FPU_multiply_inst_add_93_46_g331/Y  -       B->Y   R     AND2XL         3  1.0    49   115   13938    (-,-) 
  inc_E_FPU_multiply_inst_add_93_46_g329/Y  -       B->Y   F     NAND2X1        3  0.9    85    83   14021    (-,-) 
  inc_E_FPU_multiply_inst_add_93_46_g327/Y  -       B->Y   R     NOR2BX1        2  0.4    51    76   14097    (-,-) 
  inc_E_FPU_multiply_inst_add_93_46_g325/Y  -       B->Y   R     AND2XL         3  0.8    41   123   14220    (-,-) 
  inc_E_FPU_multiply_inst_add_93_46_g323/Y  -       B->Y   R     AND2XL         2  1.0    49   123   14343    (-,-) 
  inc_E_FPU_multiply_inst_add_93_46_g321/CO -       B->CO  R     ADDHX1         2  0.4    24   131   14474    (-,-) 
  inc_E_FPU_multiply_inst_add_93_46_g320/Y  -       B->Y   R     AND2XL         3  1.0    49   115   14589    (-,-) 
  inc_E_FPU_multiply_inst_add_93_46_g318/Y  -       B->Y   F     NAND2X1        3  0.9    85    83   14671    (-,-) 
  inc_E_FPU_multiply_inst_add_93_46_g316/Y  -       B->Y   R     NOR2BX1        2  0.6    60    82   14753    (-,-) 
  inc_E_FPU_multiply_inst_add_93_46_g314/Y  -       B->Y   F     NAND2X1        3  0.9    86    89   14842    (-,-) 
  inc_E_FPU_multiply_inst_add_93_46_g312/Y  -       B->Y   R     NOR2BX1        2  0.4    52    77   14919    (-,-) 
  inc_E_FPU_multiply_inst_add_93_46_g310/Y  -       B->Y   R     AND2XL         3  1.0    49   127   15046    (-,-) 
  inc_E_FPU_multiply_inst_add_93_46_g308/Y  -       B->Y   F     NAND2X1        3  0.8    80    80   15126    (-,-) 
  inc_E_FPU_multiply_inst_add_93_46_g306/Y  -       AN->Y  F     NAND2BX1       2  0.7    75   123   15249    (-,-) 
  inc_E_FPU_multiply_inst_add_93_46_g304/Y  -       B->Y   R     NOR2BX1        2  0.4    50    71   15320    (-,-) 
  inc_E_FPU_multiply_inst_add_93_46_g302/Y  -       B->Y   R     AND2XL         3  1.0    49   127   15446    (-,-) 
  inc_E_FPU_multiply_inst_add_93_46_g300/Y  -       B->Y   F     NAND2X1        3  0.9    85    83   15529    (-,-) 
  inc_E_FPU_multiply_inst_add_93_46_g298/Y  -       B->Y   R     NOR2BX1        2  0.4    51    76   15605    (-,-) 
  inc_E_FPU_multiply_inst_add_93_46_g296/Y  -       B->Y   R     AND2XL         3  0.8    41   123   15728    (-,-) 
  inc_E_FPU_multiply_inst_add_93_46_g294/Y  -       A->Y   R     AND2X1         7  2.2    61   148   15876    (-,-) 
  g126874/Y                                 -       B->Y   R     XNOR2X1        1  0.6    31   140   16017    (-,-) 
  g121638/CO                                -       CI->CO R     ADDFX1         1  0.6    39   182   16198    (-,-) 
  g87767/CO                                 -       CI->CO R     ADDFX1         2  0.6    39   186   16384    (-,-) 
  g87755/Y                                  -       A1N->Y R     OAI2BB1X1      2  0.6    59   131   16516    (-,-) 
  g87747/Y                                  -       A1N->Y R     OAI2BB1X1      2  0.6    59   141   16656    (-,-) 
  g87721/Y                                  -       A1N->Y R     OAI2BB1X1      2  0.6    59   141   16797    (-,-) 
  g87714/Y                                  -       A1N->Y R     OAI2BB1X1      1  0.4    52   138   16936    (-,-) 
  g87712/Y                                  -       B->Y   F     XNOR2X1        2  0.5    31   139   17074    (-,-) 
  g87705/Y                                  -       B->Y   R     NAND3BXL       1  0.4    41    44   17118    (-,-) 
  g87704/Y                                  -       A1->Y  F     OAI211X1       1  0.3   124   120   17238    (-,-) 
  g87703/Y                                  -       B->Y   R     NOR2X1        11  3.8   202   183   17421    (-,-) 
  g87701/Y                                  -       A->Y   R     AND2X1        23  9.0   201   301   17722    (-,-) 
  g87660/Y                                  -       A1->Y  F     AOI22X1        1  0.3   112   191   17913    (-,-) 
  g87650/Y                                  -       C0->Y  R     OAI211X1       1  0.2    70    80   17993    (-,-) 
  g87614/Y                                  -       C0->Y  F     AOI211XL       1  0.3   110    69   18062    (-,-) 
  g87583/Y                                  -       B->Y   R     NAND2X1        2  0.5    44    79   18141    (-,-) 
  g87544/Y                                  -       B->Y   R     MX2XL          1  0.4    29   154   18295    (-,-) 
  F_PC_register_PC_reg[1]/SI                <<<     -      R     SDFFRHQX1      1    -     -     0   18295    (-,-) 
#-------------------------------------------------------------------------------------------------------------------

