============================================================
  Generated by:           Genus(TM) Synthesis Solution 22.17-s071_1
  Generated on:           Jul 14 2026  10:47:18 am
  Module:                 pipelined_processor_FPU
  Operating conditions:   PVT_0P9V_125C (balanced_tree)
  Wireload mode:          enclosed
  Area mode:              timing library
============================================================


Path 1: MET (1165 ps) Setup Check with Pin F_PC_register/PC_reg[14]/CK->D
          Group: clk
     Startpoint: (R) MW_REG/RdW_reg[3]/CK
          Clock: (R) clk
       Endpoint: (R) F_PC_register/PC_reg[14]/D
          Clock: (R) clk

                     Capture       Launch     
        Clock Edge:+   20000            0     
       Src Latency:+    1000         1000     
       Net Latency:+       0 (I)        0 (I) 
           Arrival:=   21000         1000     
                                              
             Setup:-    -419                  
       Uncertainty:-    2000                  
     Required Time:=   19419                  
      Launch Clock:-    1000                  
         Data Path:-   17255                  
             Slack:=    1165                  

#-------------------------------------------------------------------------------------------------------------------
#               Timing Point                Flags    Arc   Edge   Cell     Fanout Load Trans Delay Arrival Instance 
#                                                                                 (fF)  (ps)  (ps)   (ps)  Location 
#-------------------------------------------------------------------------------------------------------------------
  MW_REG/RdW_reg[3]/CK                      -       -      R     (arrival)   2652    -  2000     0    1000    (-,-) 
  MW_REG/RdW_reg[3]/Q                       -       CK->Q  F     DFFRHQX4       4 40.9   278  1390    2390    (-,-) 
  H/drc_bufs1509/Y                          -       A->Y   R     INVX1          1  0.2    59   168    2558    (-,-) 
  H/drc_bufs1507/Y                          -       A->Y   F     INVXL          2  0.4    37    59    2618    (-,-) 
  H/g1487/Y                                 -       A->Y   R     XNOR2X1        1  0.4    26   197    2815    (-,-) 
  H/g1460/Y                                 -       A->Y   F     NAND3X1        1  0.3   100   108    2923    (-,-) 
  H/g1452/Y                                 -       B->Y   R     NOR2X1         1  0.4    52    84    3007    (-,-) 
  H/g1449/Y                                 -       B->Y   F     NAND2X1        1  0.4    60    70    3077    (-,-) 
  H/g1447/Y                                 -       A->Y   R     NOR2X1         2  0.8    66    82    3159    (-,-) 
  g21239/Y                                  -       B->Y   F     NOR2X1        23  4.9   151   117    3276    (-,-) 
  g21223/Y                                  -       B->Y   R     NAND2XL        1  0.2    47   107    3384    (-,-) 
  g20995/Y                                  -       A1N->Y R     OAI2BB1X1      2  0.8    52   138    3521    (-,-) 
  g16151/Y                                  -       A->Y   F     INVX1          1  0.3    26    45    3567    (-,-) 
  g22657/Y                                  -       B->Y   F     OR2X4         38 15.1   131   192    3758    (-,-) 
  E_FPU_multiply_inst_mul_31_28_g28203/Y    -       A->Y   R     CLKINVX4      26 10.0    78    97    3855    (-,-) 
  E_FPU_multiply_inst_mul_31_28_g27866/Y    -       A->Y   R     MX2XL          1  0.2    22   168    4024    (-,-) 
  E_FPU_multiply_inst_mul_31_28_g27813/Y    -       A->Y   R     OR2X1         25  9.6   210   181    4205    (-,-) 
  E_FPU_multiply_inst_mul_31_28_g27517/Y    -       A1->Y  F     OAI22X1        1  0.5   102   202    4407    (-,-) 
  E_FPU_multiply_inst_mul_31_28_g27426/S    -       CI->S  R     ADDFX1         1  0.8    46   319    4726    (-,-) 
  E_FPU_multiply_inst_mul_31_28_g27288/CO   -       B->CO  R     ADDFX1         1  0.6    39   203    4929    (-,-) 
  E_FPU_multiply_inst_mul_31_28_g27268/CO   -       CI->CO R     ADDFX1         1  0.6    39   186    5115    (-,-) 
  E_FPU_multiply_inst_mul_31_28_g27244/CO   -       CI->CO R     ADDFX1         1  0.6    39   186    5301    (-,-) 
  E_FPU_multiply_inst_mul_31_28_g27220/CO   -       CI->CO R     ADDFX1         1  0.6    39   186    5487    (-,-) 
  E_FPU_multiply_inst_mul_31_28_g27202/CO   -       CI->CO R     ADDFX1         1  0.6    39   186    5673    (-,-) 
  E_FPU_multiply_inst_mul_31_28_g27186/CO   -       CI->CO R     ADDFX1         1  0.6    39   186    5859    (-,-) 
  E_FPU_multiply_inst_mul_31_28_g27180/CO   -       CI->CO R     ADDFX1         1  0.6    39   186    6045    (-,-) 
  E_FPU_multiply_inst_mul_31_28_g27179/CO   -       CI->CO R     ADDFX1         1  0.6    39   186    6231    (-,-) 
  E_FPU_multiply_inst_mul_31_28_g27178/CO   -       CI->CO R     ADDFX1         1  0.6    39   186    6417    (-,-) 
  E_FPU_multiply_inst_mul_31_28_g27177/CO   -       CI->CO R     ADDFX1         1  0.6    39   186    6603    (-,-) 
  E_FPU_multiply_inst_mul_31_28_g27176/CO   -       CI->CO R     ADDFX1         1  0.6    39   186    6789    (-,-) 
  E_FPU_multiply_inst_mul_31_28_g27175/CO   -       CI->CO R     ADDFX1         2  0.8    43   188    6977    (-,-) 
  E_FPU_multiply_inst_mul_31_28_g27174/Y    -       B->Y   F     NAND2BX1       2  0.7    75    74    7051    (-,-) 
  E_FPU_multiply_inst_mul_31_28_g27171/Y    -       A1->Y  R     OAI221X1       1  0.6   106   110    7161    (-,-) 
  E_FPU_multiply_inst_mul_31_28_g27169/CO   -       CI->CO R     ADDFX1         1  0.6    39   220    7381    (-,-) 
  E_FPU_multiply_inst_mul_31_28_g27168/CO   -       CI->CO R     ADDFX1         1  0.6    39   186    7567    (-,-) 
  E_FPU_multiply_inst_mul_31_28_g27167/CO   -       CI->CO R     ADDFX1         1  0.6    39   186    7753    (-,-) 
  E_FPU_multiply_inst_mul_31_28_g27166/CO   -       CI->CO R     ADDFX1         1  0.6    39   186    7939    (-,-) 
  E_FPU_multiply_inst_mul_31_28_g27165/CO   -       CI->CO R     ADDFX1         1  0.6    39   186    8125    (-,-) 
  E_FPU_multiply_inst_mul_31_28_g27164/CO   -       CI->CO R     ADDFX1         1  0.6    39   186    8311    (-,-) 
  E_FPU_multiply_inst_mul_31_28_g27163/CO   -       CI->CO R     ADDFX1         1  0.6    39   186    8497    (-,-) 
  E_FPU_multiply_inst_mul_31_28_g27162/CO   -       CI->CO R     ADDFX1         1  0.6    39   186    8683    (-,-) 
  E_FPU_multiply_inst_mul_31_28_g27161/CO   -       CI->CO R     ADDFX1         1  0.6    39   186    8869    (-,-) 
  E_FPU_multiply_inst_mul_31_28_g27160/CO   -       CI->CO R     ADDFX1         1  0.6    39   186    9055    (-,-) 
  E_FPU_multiply_inst_mul_31_28_g27159/CO   -       CI->CO R     ADDFX1         1  0.6    39   186    9241    (-,-) 
  E_FPU_multiply_inst_mul_31_28_g27158/CO   -       CI->CO R     ADDFX1         1  0.6    39   186    9427    (-,-) 
  E_FPU_multiply_inst_mul_31_28_g27157/CO   -       CI->CO R     ADDFX1         1  0.6    39   186    9613    (-,-) 
  E_FPU_multiply_inst_mul_31_28_g27156/CO   -       CI->CO R     ADDFX1         2  0.8    43   188    9802    (-,-) 
  E_FPU_multiply_inst_mul_31_28_g27155/Y    -       B->Y   F     NAND2BX1       2  0.7    75    74    9876    (-,-) 
  E_FPU_multiply_inst_mul_31_28_g27152/Y    -       A1->Y  R     OAI221X1       1  0.6   106   110    9986    (-,-) 
  E_FPU_multiply_inst_mul_31_28_g27150/CO   -       CI->CO R     ADDFX1         1  0.6    39   220   10206    (-,-) 
  E_FPU_multiply_inst_mul_31_28_g27149/CO   -       CI->CO R     ADDFX1         1  0.6    39   186   10392    (-,-) 
  E_FPU_multiply_inst_mul_31_28_g27148/CO   -       CI->CO R     ADDFX1         1  0.6    39   186   10578    (-,-) 
  E_FPU_multiply_inst_mul_31_28_g27147/CO   -       CI->CO R     ADDFX1         1  0.6    39   186   10764    (-,-) 
  E_FPU_multiply_inst_mul_31_28_g27146/CO   -       CI->CO R     ADDFX1         1  0.6    39   186   10950    (-,-) 
  E_FPU_multiply_inst_mul_31_28_g27145/CO   -       CI->CO R     ADDFX1         2  0.8    43   188   11138    (-,-) 
  E_FPU_multiply_inst_mul_31_28_g27144/Y    -       B->Y   F     NAND2BX1       2  0.7    75    74   11212    (-,-) 
  E_FPU_multiply_inst_mul_31_28_g27141/Y    -       A1->Y  R     OAI221X1       1  0.6   106   110   11322    (-,-) 
  E_FPU_multiply_inst_mul_31_28_g27139/CO   -       CI->CO R     ADDFX1         1  0.6    39   220   11542    (-,-) 
  E_FPU_multiply_inst_mul_31_28_g27138/CO   -       CI->CO R     ADDFX1         1  0.6    39   186   11729    (-,-) 
  E_FPU_multiply_inst_mul_31_28_g27137/CO   -       CI->CO R     ADDFX1         1  0.6    39   186   11915    (-,-) 
  E_FPU_multiply_inst_mul_31_28_g27136/CO   -       CI->CO R     ADDFX1         1  0.6    39   186   12101    (-,-) 
  E_FPU_multiply_inst_mul_31_28_g27135/CO   -       CI->CO R     ADDFX1         1  0.4    35   184   12284    (-,-) 
  E_FPU_multiply_inst_mul_31_28_g27134/Y    -       B->Y   F     XNOR2X1       26 10.3   272   262   12547    (-,-) 
  g27183/Y                                  -       B->Y   R     NOR2BX1        1  0.4    72   178   12724    (-,-) 
  g27145/Y                                  -       A1->Y  F     OAI21X1        1  0.3    68    90   12814    (-,-) 
  g27136/Y                                  -       B->Y   R     NAND2X1        2  0.4    47    54   12868    (-,-) 
  inc_E_FPU_multiply_inst_add_93_46_g336/Y  -       B->Y   R     AND2XL         3  0.8    41   121   12989    (-,-) 
  inc_E_FPU_multiply_inst_add_93_46_g334/Y  -       B->Y   R     AND2XL         2  1.0    49   123   13112    (-,-) 
  inc_E_FPU_multiply_inst_add_93_46_g332/CO -       B->CO  R     ADDHX1         2  0.4    24   131   13243    (-,-) 
  inc_E_FPU_multiply_inst_add_93_46_g331/Y  -       B->Y   R     AND2XL         3  1.0    49   115   13358    (-,-) 
  inc_E_FPU_multiply_inst_add_93_46_g329/Y  -       B->Y   F     NAND2X1        3  0.9    85    83   13440    (-,-) 
  inc_E_FPU_multiply_inst_add_93_46_g327/Y  -       B->Y   R     NOR2BX1        2  0.4    51    76   13517    (-,-) 
  inc_E_FPU_multiply_inst_add_93_46_g325/Y  -       B->Y   R     AND2XL         3  0.8    41   123   13640    (-,-) 
  inc_E_FPU_multiply_inst_add_93_46_g323/Y  -       B->Y   R     AND2XL         2  1.0    49   123   13762    (-,-) 
  inc_E_FPU_multiply_inst_add_93_46_g321/CO -       B->CO  R     ADDHX1         2  0.4    24   131   13893    (-,-) 
  inc_E_FPU_multiply_inst_add_93_46_g320/Y  -       B->Y   R     AND2XL         3  1.0    49   115   14008    (-,-) 
  inc_E_FPU_multiply_inst_add_93_46_g318/Y  -       B->Y   F     NAND2X1        3  0.9    85    83   14091    (-,-) 
  inc_E_FPU_multiply_inst_add_93_46_g316/Y  -       B->Y   R     NOR2BX1        2  0.6    60    82   14172    (-,-) 
  inc_E_FPU_multiply_inst_add_93_46_g314/Y  -       B->Y   F     NAND2X1        3  0.9    86    89   14261    (-,-) 
  inc_E_FPU_multiply_inst_add_93_46_g312/Y  -       B->Y   R     NOR2BX1        2  0.4    52    77   14338    (-,-) 
  inc_E_FPU_multiply_inst_add_93_46_g310/Y  -       B->Y   R     AND2XL         3  1.0    49   127   14465    (-,-) 
  inc_E_FPU_multiply_inst_add_93_46_g308/Y  -       B->Y   F     NAND2X1        3  0.8    80    80   14545    (-,-) 
  inc_E_FPU_multiply_inst_add_93_46_g306/Y  -       AN->Y  F     NAND2BX1       2  0.7    75   123   14668    (-,-) 
  inc_E_FPU_multiply_inst_add_93_46_g304/Y  -       B->Y   R     NOR2BX1        2  0.4    50    71   14739    (-,-) 
  inc_E_FPU_multiply_inst_add_93_46_g302/Y  -       B->Y   R     AND2XL         3  1.0    49   127   14866    (-,-) 
  inc_E_FPU_multiply_inst_add_93_46_g300/Y  -       B->Y   F     NAND2X1        3  0.9    85    83   14948    (-,-) 
  inc_E_FPU_multiply_inst_add_93_46_g298/Y  -       B->Y   R     NOR2BX1        2  0.4    51    76   15025    (-,-) 
  inc_E_FPU_multiply_inst_add_93_46_g296/Y  -       B->Y   R     AND2XL         3  0.8    41   123   15148    (-,-) 
  inc_E_FPU_multiply_inst_add_93_46_g294/Y  -       A->Y   R     AND2X1         3  0.6    28   130   15277    (-,-) 
  g1901/Y                                   -       A1->Y  R     AO22XL         2  0.4    32   170   15447    (-,-) 
  ADD_UNS_OP_Y_ADD_UNS_OP5_g208/Y           -       B->Y   R     AND2XL         2  1.2    56   122   15569    (-,-) 
  ADD_UNS_OP_Y_ADD_UNS_OP5_g205/CO          -       B->CO  R     ADDFX1         1  0.8    43   210   15779    (-,-) 
  ADD_UNS_OP_Y_ADD_UNS_OP5_g204/CO          -       B->CO  R     ADDFX1         1  0.6    39   201   15980    (-,-) 
  ADD_UNS_OP_Y_ADD_UNS_OP5_g203/CO          -       CI->CO R     ADDFX1         1  0.6    39   186   16166    (-,-) 
  ADD_UNS_OP_Y_ADD_UNS_OP5_g202/CO          -       CI->CO R     ADDFX1         1  0.6    39   186   16352    (-,-) 
  ADD_UNS_OP_Y_ADD_UNS_OP5_g201/CO          -       CI->CO R     ADDFX1         1  0.6    39   186   16538    (-,-) 
  ADD_UNS_OP_Y_ADD_UNS_OP5_g200/CO          -       CI->CO R     ADDFX1         1  0.6    39   186   16724    (-,-) 
  ADD_UNS_OP_Y_ADD_UNS_OP5_g199/CO          -       CI->CO R     ADDFX1         1  0.4    35   184   16908    (-,-) 
  ADD_UNS_OP_Y_ADD_UNS_OP5_g198/Y           -       B->Y   R     XNOR2X1        1  0.2    22   123   17031    (-,-) 
  g25941/Y                                  -       D->Y   R     OR4X1          1  0.2    21    73   17104    (-,-) 
  g25850/Y                                  -       D->Y   R     OR4X1          1  0.4    25    75   17179    (-,-) 
  g25822/Y                                  -       A2->Y  F     OAI32X1        1  0.3   106    92   17272    (-,-) 
  g25799/Y                                  -       D->Y   R     NOR4X1         4  0.8   158   141   17413    (-,-) 
  g25791/Y                                  -       A->Y   R     AND2X1        23  7.2   164   260   17673    (-,-) 
  g25751/Y                                  -       B1->Y  F     AOI222X1       1  0.3   146   175   17848    (-,-) 
  g25699/Y                                  -       C0->Y  R     OAI211X1       1  0.4    79   102   17950    (-,-) 
  g25651/Y                                  -       C0->Y  F     AOI221X1       1  0.3   121    66   18015    (-,-) 
  g25633/Y                                  -       B->Y   R     NAND2X1        2  0.5    44    86   18101    (-,-) 
  g25621/Y                                  -       B->Y   R     MX2XL          1  0.4    29   154   18255    (-,-) 
  F_PC_register/PC_reg[14]/D                <<<     -      R     SDFFRHQX1      1    -     -     0   18255    (-,-) 
#-------------------------------------------------------------------------------------------------------------------

