============================================================
  Generated by:           Genus(TM) Synthesis Solution 22.17-s071_1
  Generated on:           Jul 10 2026  02:33:48 pm
  Module:                 pipelined_processor_FPU
  Operating conditions:   PVT_0P9V_125C (balanced_tree)
  Wireload mode:          enclosed
  Area mode:              timing library
============================================================


Path 1: MET (6815 ps) Setup Check with Pin D_RFX_REG_MEM_BLOCK_reg[31][31]/clk->sena
          Group: clk
     Startpoint: (R) MW_REG_RdW_reg[1]/clk
          Clock: (R) clk
       Endpoint: (R) D_RFX_REG_MEM_BLOCK_reg[31][31]/sena
          Clock: (F) clk

                     Capture       Launch     
        Clock Edge:+   10000            0     
       Src Latency:+    1000         1000     
       Net Latency:+       0 (I)        0 (I) 
           Arrival:=   11000         1000     
                                              
             Setup:-     237                  
       Uncertainty:-    2000                  
     Required Time:=    8763                  
      Launch Clock:-    1000                  
         Data Path:-     948                  
             Slack:=    6815                  

#-----------------------------------------------------------------------------------------------------------------------
#            Timing Point              Flags    Arc    Edge       Cell         Fanout Load Trans Delay Arrival Instance 
#                                                                                     (fF)  (ps)  (ps)   (ps)  Location 
#-----------------------------------------------------------------------------------------------------------------------
  MW_REG_RdW_reg[1]/clk                -       -       R     (arrival)            604    -  2000     0    1000    (-,-) 
  MW_REG_RdW_reg[1]/q                  (u)     clk->q  R     unmapped_d_flop       13 52.0     0   385    1385    (-,-) 
  g52281/z                             (u)     in_0->z R     unmapped_or2           4  4.0     0    82    1467    (-,-) 
  g61034/z                             (u)     in_1->z R     unmapped_or2           3  3.0     0    76    1543    (-,-) 
  g60792/z                             (u)     in_0->z R     unmapped_or2           2  2.0     0    70    1613    (-,-) 
  g60616/z                             (u)     in_0->z F     unmapped_nand2         3  3.0     0    76    1688    (-,-) 
  g60442/z                             (u)     in_1->z F     unmapped_complex2     15 15.0     0   124    1812    (-,-) 
  g61607/z                             (u)     in_0->z R     unmapped_nor2         32  8.0     0   136    1948    (-,-) 
  D_RFX_REG_MEM_BLOCK_reg[31][31]/sena <<<     -       R     unmapped_d_flop       32    -     -     0    1948    (-,-) 
#-----------------------------------------------------------------------------------------------------------------------

(u) : Net has unmapped pin(s).

