============================================================
  Generated by:           Genus(TM) Synthesis Solution 22.17-s071_1
  Generated on:           Jul 10 2026  01:29:48 pm
  Module:                 pipelined_processor_FPU
  Operating conditions:   PVT_0P9V_125C (balanced_tree)
  Wireload mode:          enclosed
  Area mode:              timing library
============================================================

                                       Instance                                                             Module                       Cell Count  Cell Area  Net Area   Total Area   Wireload  
--------------------------------------------------------------------------------------------------------------------------------------------------------------------------------------------------
pipelined_processor_FPU                                                                                                                      147345 559515.977     0.000   559515.977 <none> (D)  
  ADD_UNS_OP7_Y_final_adder_F_E_FPU_fp2int_inst_mux_abs_int_22_15                      add_unsigned_8                                           250    667.325     0.000      667.325 <none> (D)  
  C                                                                                    Control_Unit                                             126    330.993     0.000      330.993 <none> (D)  
    ALU_Decoder                                                                        ALU_Decoder                                               28     74.740     0.000       74.740 <none> (D)  
    fpudecoder                                                                         FPU_Decoder                                               44    116.115     0.000      116.115 <none> (D)  
    maindecoder                                                                        Main_Decoder                                              54    140.138     0.000      140.138 <none> (D)  
  DE_REG                                                                               D_E_flipflop                                             260   2429.063     0.000     2429.063 <none> (D)  
  D_RFF                                                                                Register_File_1940                                      3824  18448.867     0.000    18448.867 <none> (D)  
    g1286                                                                              cdec_1933                                                 47    125.457     0.000      125.457 <none> (D)  
    g1288                                                                              cdec_1937                                                 47    125.457     0.000      125.457 <none> (D)  
    mux_REG_MEM_BLOCK[RA1]_21_14                                                       cmux_1931                                               1344   4399.006     0.000     4399.006 <none> (D)  
    mux_REG_MEM_BLOCK[RA2]_22_14                                                       cmux_1935                                               1344   4399.006     0.000     4399.006 <none> (D)  
  D_RFX                                                                                Register_File                                           3824  18448.867     0.000    18448.867 <none> (D)  
    g1286                                                                              cdec_1933                                                 47    125.457     0.000      125.457 <none> (D)  
    g1288                                                                              cdec_1937                                                 47    125.457     0.000      125.457 <none> (D)  
    mux_REG_MEM_BLOCK[RA1]_21_14                                                       cmux_1931                                               1344   4399.006     0.000     4399.006 <none> (D)  
    mux_REG_MEM_BLOCK[RA2]_22_14                                                       cmux_1935                                               1344   4399.006     0.000     4399.006 <none> (D)  
  EM_REG                                                                               E_M_flipflop                                             109   1018.338     0.000     1018.338 <none> (D)  
  E_ALU_lt_25_17                                                                       lt_signed_rtlopto_model_12586                            151    403.064     0.000      403.064 <none> (D)  
  E_ALU_sll_40_29                                                                      shift_left_vlog_signed                                   482   1286.603     0.000     1286.603 <none> (D)  
  E_ALU_sra_41_29                                                                      arith_shift_right_vlog_signed                            501   1337.319     0.000     1337.319 <none> (D)  
  E_ALU_srl_42_29                                                                      shift_right_vlog_signed                                  463   1235.886     0.000     1235.886 <none> (D)  
  E_FPU_adder_inst_lt_50_14_Y_E_FPU_adder_inst_gt_47_9                                 cmp6_unsigned_4263                                       141    375.037     0.000      375.037 <none> (D)  
  E_FPU_adder_inst_sll_108_12                                                          shift_left_vlog_unsigned_1632_rtlopto_model_264          267    712.703     0.000      712.703 <none> (D)  
  E_FPU_adder_inst_srl_106_12                                                          shift_right_vlog_unsigned_1470_rtlopto_model_265         355    947.601     0.000      947.601 <none> (D)  
  E_FPU_adder_inst_sub_91_23_Y_E_FPU_adder_inst_sub_66_11_Y_E_FPU_adder_inst_add_60_19 addsub_unsigned_4325                                     270    719.376     0.000      719.376 <none> (D)  
  E_FPU_int2fp_inst_sll_61_31                                                          shift_left_vlog_unsigned_1789_rtlopto_model_273          355    947.601     0.000      947.601 <none> (D)  
  E_FPU_multiply_inst_mul_31_28                                                        mult_unsigned_2423                                      4828  12886.046     0.000    12886.046 <none> (D)  
  FD_REG                                                                               F_D_flipflop                                              98    907.562     0.000      907.562 <none> (D)  
  F_IM                                                                                 Instruction_Memory                                    123719 475965.552     0.000   475965.552 <none> (D)  
    g4099                                                                              cdec                                                    1140   3043.002     0.000     3043.002 <none> (D)  
    g4101                                                                              cdec_1929                                               1140   3043.002     0.000     3043.002 <none> (D)  
    mux_instruction[A]_25_31                                                           cmux                                                   43680 145722.426     0.000   145722.426 <none> (D)  
    mux_instruction[WA]_23_36                                                          cmux_1928                                              43680 145722.426     0.000   145722.426 <none> (D)  
  F_PC_adder_add_17_20                                                                 add_unsigned_8_3236                                      250    667.325     0.000      667.325 <none> (D)  
  F_PC_register                                                                        PC                                                        33    300.296     0.000      300.296 <none> (D)  
  H                                                                                    Hazard_unit                                              140    369.698     0.000      369.698 <none> (D)  
  M                                                                                    Memory                                                   385   1027.680     0.000     1027.680 <none> (D)  
    dmemory                                                                            memTopo32LittleEndian                                    385   1027.680     0.000     1027.680 <none> (D)  
  MUX_UPPER                                                                            mux_2x1_3                                                 32     85.418     0.000       85.418 <none> (D)  
  MW_REG                                                                               M_W_flipflop                                             105    980.968     0.000      980.968 <none> (D)  
  WALLACE_CSA_DUMMY_OP_groupi                                                          WALLACE_CSA_DUMMY_OP_group_17                            147    392.387     0.000      392.387 <none> (D)  
  csa_tree_E_ALU_eq_47_26_groupi                                                       csa_tree_E_ALU_eq_47_26_group_11                         250    667.325     0.000      667.325 <none> (D)  
  final_adder_E_ALU_mux_ResultReg_29_8                                                 add_unsigned_3880                                        253    675.333     0.000      675.333 <none> (D)  
  final_adder_E_FPU_int2fp_inst_mux_14_17                                              add_unsigned_2209                                        123    328.324     0.000      328.324 <none> (D)  
  inc_E_FPU_multiply_inst_add_93_46                                                    increment_unsigned_12595                                  92    245.576     0.000      245.576 <none> (D)  
  (D) = wireload is default in technology library
