============================================================
  Generated by:           Genus(TM) Synthesis Solution 22.17-s071_1
  Generated on:           Jul 10 2026  01:47:27 pm
  Module:                 pipelined_processor_FPU
  Operating conditions:   PVT_0P9V_125C (balanced_tree)
  Wireload mode:          enclosed
  Area mode:              timing library
============================================================

        Instance                Module         Cell Count  Cell Area  Net Area   Total Area   Wireload  
--------------------------------------------------------------------------------------------------------
pipelined_processor_FPU                             93681 314703.270     0.000   314703.270 <none> (D)  
  C                     Control_Unit                   82    122.436     0.000      122.436 <none> (D)  
    ALU_Decoder         ALU_Decoder                    16     25.650     0.000       25.650 <none> (D)  
    fpudecoder          FPU_Decoder                    28     40.698     0.000       40.698 <none> (D)  
    maindecoder         Main_Decoder                   38     56.088     0.000       56.088 <none> (D)  
  DE_REG                D_E_flipflop                  523   1961.712     0.000     1961.712 <none> (D)  
  D_RFF                 Register_File_1940           3424  14360.238     0.000    14360.238 <none> (D)  
  D_RFX                 Register_File                3424  14360.238     0.000    14360.238 <none> (D)  
  EM_REG                E_M_flipflop                  157    877.914     0.000      877.914 <none> (D)  
  FD_REG                F_D_flipflop                  293    898.776     0.000      898.776 <none> (D)  
  F_IM                  Instruction_Memory          80088 270033.282     0.000   270033.282 <none> (D)  
  F_PC_register         PC                             33    263.340     0.000      263.340 <none> (D)  
  H                     Hazard_unit                    63    116.622     0.000      116.622 <none> (D)  
  M                     Memory                        198    320.796     0.000      320.796 <none> (D)  
    dmemory             memTopo32LittleEndian         198    320.796     0.000      320.796 <none> (D)  
  MUX_UPPER             mux_2x1_3                      32     43.776     0.000       43.776 <none> (D)  
  MW_REG                M_W_flipflop                  107    671.346     0.000      671.346 <none> (D)  
  (D) = wireload is default in technology library
