============================================================
  Generated by:           Genus(TM) Synthesis Solution 22.17-s071_1
  Generated on:           Jul 14 2026  10:23:21 am
  Module:                 pipelined_processor_FPU
  Operating conditions:   PVT_0P9V_125C (balanced_tree)
  Wireload mode:          enclosed
  Area mode:              timing library
============================================================

        Instance                Module         Cell Count  Cell Area  Net Area   Total Area   Wireload  
--------------------------------------------------------------------------------------------------------
pipelined_processor_FPU                             95061 317750.490     0.000   317750.490 <none> (D)  
  C                     Control_Unit                   93    124.488     0.000      124.488 <none> (D)  
    ALU_Decoder         ALU_Decoder                    19     28.044     0.000       28.044 <none> (D)  
    fpudecoder          FPU_Decoder                    28     39.672     0.000       39.672 <none> (D)  
    maindecoder         Main_Decoder                   46     56.772     0.000       56.772 <none> (D)  
  DE_REG                D_E_flipflop                  527   2054.736     0.000     2054.736 <none> (D)  
  D_RFF                 Register_File_1940           3524  14725.152     0.000    14725.152 <none> (D)  
  D_RFX                 Register_File                3524  14725.152     0.000    14725.152 <none> (D)  
  EM_REG                E_M_flipflop                  159    917.928     0.000      917.928 <none> (D)  
  FD_REG                F_D_flipflop                  293    902.196     0.000      902.196 <none> (D)  
  F_IM                  Instruction_Memory          80713 271303.470     0.000   271303.470 <none> (D)  
  F_PC_register         PC                             33    263.340     0.000      263.340 <none> (D)  
  H                     Hazard_unit                    66    117.648     0.000      117.648 <none> (D)  
  M                     Memory                        295    384.750     0.000      384.750 <none> (D)  
    dmemory             memTopo32LittleEndian         295    384.750     0.000      384.750 <none> (D)  
  MUX_UPPER             mux_2x1_3                      32     43.776     0.000       43.776 <none> (D)  
  MW_REG                M_W_flipflop                  107    713.412     0.000      713.412 <none> (D)  
  (D) = wireload is default in technology library
