============================================================
  Generated by:           Genus(TM) Synthesis Solution 22.17-s071_1
  Generated on:           Jul 10 2026  01:47:27 pm
  Module:                 pipelined_processor_FPU
  Operating conditions:   PVT_0P9V_125C (balanced_tree)
  Wireload mode:          enclosed
  Area mode:              timing library
============================================================

Timing
--------

Clock  Period 
--------------
clk   30000.0 


  Cost    Critical         Violating 
 Group   Path Slack  TNS     Paths   
-------------------------------------
clk          6503.2   0.0          0 
default    No paths   0.0            
-------------------------------------
Total                 0.0          0 

Instance Count
--------------
Leaf Instance Count             93681 
Physical Instance count             0 
Sequential Instance Count       35355 
Combinational Instance Count    58326 
Hierarchical Instance Count        16 

Area
----
Cell Area                          314703.270
Physical Cell Area                 0.000
Total Cell Area (Cell+Physical)    314703.270
Net Area                           0.000
Total Area (Cell+Physical+Net)     314703.270

Max Fanout                         2587 (clk)
Min Fanout                         0 (n_2079)
Average Fanout                     3.1
Terms to net ratio                 4.4748
Terms to instance ratio            4.4950
Runtime                            3882.2993139999994 seconds
Elapsed Runtime                    3749 seconds
Genus peak memory usage            3159.58 
Innovus peak memory usage          no_value 
Hostname                           microeletronica-047
