============================================================
  Generated by:           Genus(TM) Synthesis Solution 22.17-s071_1
  Generated on:           Jul 10 2026  01:29:48 pm
  Module:                 pipelined_processor_FPU
  Operating conditions:   PVT_0P9V_125C (balanced_tree)
  Wireload mode:          enclosed
  Area mode:              timing library
============================================================

Timing
--------

Clock  Period 
--------------
clk   30000.0 


  Cost    Critical         Violating 
 Group   Path Slack  TNS     Paths   
-------------------------------------
clk          8433.7   0.0          0 
default    No paths   0.0            
-------------------------------------
Total                 0.0          0 

Instance Count
--------------
Leaf Instance Count             147345 
Physical Instance count              0 
Sequential Instance Count        35355 
Combinational Instance Count    111990 
Hierarchical Instance Count         45 

Area
----
Cell Area                          559515.977
Physical Cell Area                 0.000
Total Cell Area (Cell+Physical)    559515.977
Net Area                           0.000
Total Area (Cell+Physical+Net)     559515.977

Max Fanout                         1024 (F_IM/n_111661)
Min Fanout                         0 (n_1)
Average Fanout                     2.3
Terms to net ratio                 3.8381
Terms to instance ratio            3.8452
Runtime                            2696.8351940000002 seconds
Elapsed Runtime                    2693 seconds
Genus peak memory usage            3159.58 
Innovus peak memory usage          no_value 
Hostname                           microeletronica-047
