============================================================
  Generated by:           Genus(TM) Synthesis Solution 22.17-s071_1
  Generated on:           Jul 10 2026  01:43:08 pm
  Module:                 pipelined_processor_FPU
  Operating conditions:   PVT_0P9V_125C (balanced_tree)
  Wireload mode:          enclosed
  Area mode:              timing library
============================================================

Timing
--------

Clock  Period 
--------------
clk   30000.0 


  Cost    Critical         Violating 
 Group   Path Slack  TNS     Paths   
-------------------------------------
clk          6513.3   0.0          0 
default    No paths   0.0            
-------------------------------------
Total                 0.0          0 

Instance Count
--------------
Leaf Instance Count             94553 
Physical Instance count             0 
Sequential Instance Count       35355 
Combinational Instance Count    59198 
Hierarchical Instance Count        16 

Area
----
Cell Area                          316349.316
Physical Cell Area                 0.000
Total Cell Area (Cell+Physical)    316349.316
Net Area                           0.000
Total Area (Cell+Physical+Net)     316349.316

Max Fanout                         2587 (clk)
Min Fanout                         0 (n_2079)
Average Fanout                     3.0
Terms to net ratio                 4.4550
Terms to instance ratio            4.4749
Runtime                            3541.3946229999997 seconds
Elapsed Runtime                    3490 seconds
Genus peak memory usage            3159.58 
Innovus peak memory usage          no_value 
Hostname                           microeletronica-047
