============================================================
  Generated by:           Genus(TM) Synthesis Solution 22.17-s071_1
  Generated on:           Jul 14 2026  10:37:13 am
  Module:                 pipelined_processor_FPU
  Operating conditions:   PVT_0P9V_125C (balanced_tree)
  Wireload mode:          enclosed
  Area mode:              timing library
============================================================

                                       Instance                                                             Module                       Cell Count  Cell Area  Net Area   Total Area   Wireload  
--------------------------------------------------------------------------------------------------------------------------------------------------------------------------------------------------
pipelined_processor_FPU                                                                                                                      147608 567207.565     0.000   567207.565 <none> (D)  
  ADD_UNS_OP7_Y_final_adder_F_E_FPU_fp2int_inst_mux_abs_int_22_15                      add_unsigned_8                                           323    890.212     0.000      890.212 <none> (D)  
  ADD_UNS_OP_Y_ADD_UNS_OP5                                                             add_unsigned_2154                                         74    201.532     0.000      201.532 <none> (D)  
  C                                                                                    Control_Unit                                              96    301.631     0.000      301.631 <none> (D)  
    ALU_Decoder                                                                        ALU_Decoder                                               25     77.410     0.000       77.410 <none> (D)  
    fpudecoder                                                                         FPU_Decoder                                               29     97.429     0.000       97.429 <none> (D)  
    maindecoder                                                                        Main_Decoder                                              42    126.792     0.000      126.792 <none> (D)  
  CDN_CARRYSAVE_MUX_GROUPi                                                             CDN_CARRYSAVE_MUX_GROUP                                  313   1121.106     0.000     1121.106 <none> (D)  
  CDN_CARRYSAVE_MUX_GROUPi1675                                                         CDN_CARRYSAVE_MUX_GROUP_3281                              74    197.528     0.000      197.528 <none> (D)  
  CDN_CARRYSAVE_MUX_GROUPi1676                                                         CDN_CARRYSAVE_MUX_GROUP_3282                              25     66.733     0.000       66.733 <none> (D)  
  CDN_CARRYSAVE_MUX_GROUPi1677                                                         CDN_CARRYSAVE_MUX_GROUP_3283                              25     66.733     0.000       66.733 <none> (D)  
  CDN_CARRYSAVE_MUX_GROUPi1678                                                         CDN_CARRYSAVE_MUX_GROUP_3284                              96    256.253     0.000      256.253 <none> (D)  
  CDN_CARRYSAVE_MUX_GROUPi1679                                                         CDN_CARRYSAVE_MUX_GROUP_3285                              96    256.253     0.000      256.253 <none> (D)  
  DE_REG                                                                               D_E_flipflop                                             261   2438.406     0.000     2438.406 <none> (D)  
  D_RFF                                                                                Register_File_1940                                      3914  19093.503     0.000    19093.503 <none> (D)  
    g1286                                                                              cdec_1933                                                 44    128.126     0.000      128.126 <none> (D)  
    g1288                                                                              cdec_1937                                                 44    128.126     0.000      128.126 <none> (D)  
    mux_REG_MEM_BLOCK[RA1]_21_14                                                       cmux_1931                                               1376   4527.133     0.000     4527.133 <none> (D)  
    mux_REG_MEM_BLOCK[RA2]_22_14                                                       cmux_1935                                               1376   4527.133     0.000     4527.133 <none> (D)  
  D_RFX                                                                                Register_File                                           3914  19093.503     0.000    19093.503 <none> (D)  
    g1286                                                                              cdec_1933                                                 44    128.126     0.000      128.126 <none> (D)  
    g1288                                                                              cdec_1937                                                 44    128.126     0.000      128.126 <none> (D)  
    mux_REG_MEM_BLOCK[RA1]_21_14                                                       cmux_1931                                               1376   4527.133     0.000     4527.133 <none> (D)  
    mux_REG_MEM_BLOCK[RA2]_22_14                                                       cmux_1935                                               1376   4527.133     0.000     4527.133 <none> (D)  
  EM_REG                                                                               E_M_flipflop                                             109   1018.338     0.000     1018.338 <none> (D)  
  E_ALU_lt_25_17                                                                       lt_signed_rtlopto_model_18150                            111    349.678     0.000      349.678 <none> (D)  
  E_ALU_sll_40_29                                                                      shift_left_vlog_signed                                   444   1227.878     0.000     1227.878 <none> (D)  
  E_ALU_sra_41_29                                                                      arith_shift_right_vlog_signed                            512   1388.036     0.000     1388.036 <none> (D)  
  E_ALU_srl_42_29                                                                      shift_right_vlog_signed                                  444   1227.878     0.000     1227.878 <none> (D)  
  E_FPU_adder_inst_gt_105_12                                                           gt_signed_9379                                             3     12.012     0.000       12.012 <none> (D)  
  E_FPU_adder_inst_gte_76_8                                                            geq_unsigned_rtlopto_model_18152                          81    257.587     0.000      257.587 <none> (D)  
  E_FPU_adder_inst_lt_33_16_Y_E_FPU_adder_inst_gt_25_12                                cmp6_unsigned_4259                                        53    158.823     0.000      158.823 <none> (D)  
  E_FPU_adder_inst_lt_50_14_Y_E_FPU_adder_inst_gt_47_9                                 cmp6_unsigned_4262                                       157    473.801     0.000      473.801 <none> (D)  
  E_FPU_adder_inst_srl_106_12                                                          shift_right_vlog_unsigned_1470_rtlopto_model_264         364    972.960     0.000      972.960 <none> (D)  
  E_FPU_adder_inst_sub_28_22                                                           sub_unsigned_2054_8                                       60    160.158     0.000      160.158 <none> (D)  
  E_FPU_adder_inst_sub_38_21                                                           sub_unsigned_2054_8                                       60    160.158     0.000      160.158 <none> (D)  
  E_FPU_adder_inst_sub_91_23_Y_E_FPU_adder_inst_sub_66_11_Y_E_FPU_adder_inst_add_60_19 addsub_unsigned_4327                                     322    878.200     0.000      878.200 <none> (D)  
  E_FPU_adder_inst_sub_105_7                                                           sub_signed_2719                                           15     40.039     0.000       40.039 <none> (D)  
  E_FPU_adder_inst_sub_108_28                                                          sub_signed_rtlopto_model_267                              13     34.701     0.000       34.701 <none> (D)  
  E_FPU_fp2int_inst_gt_26_20                                                           gt_unsigned_2714_rtlopto_model_18153                       5     17.350     0.000       17.350 <none> (D)  
  E_FPU_fp2int_inst_gt_38_31                                                           gt_unsigned_rtlopto_model_18154                            2     12.012     0.000       12.012 <none> (D)  
  E_FPU_fp2int_inst_lt_22_15                                                           lt_unsigned_2710_rtlopto_model_18155                       2     10.677     0.000       10.677 <none> (D)  
  E_FPU_fp2int_inst_lte_33_19                                                          leq_unsigned_2707_rtlopto_model_18156                      6     20.020     0.000       20.020 <none> (D)  
  E_FPU_fp2int_inst_sub_34_33                                                          sub_unsigned_2434                                         26     69.402     0.000       69.402 <none> (D)  
  E_FPU_fp2int_inst_sub_55_31                                                          sub_unsigned_2429                                         20     53.386     0.000       53.386 <none> (D)  
  E_FPU_int2fp_inst_sll_61_31_Y_E_FPU_adder_inst_sll_108_12                            shift_left_vlog_unsigned_5586                            388   1035.688     0.000     1035.688 <none> (D)  
  E_FPU_int2fp_inst_sub_62_27                                                          sub_unsigned_2427                                          9     24.024     0.000       24.024 <none> (D)  
  E_FPU_multiply_inst_mul_31_28                                                        mult_unsigned_2423                                      4952  13258.413     0.000    13258.413 <none> (D)  
  FD_REG                                                                               F_D_flipflop                                              98    907.562     0.000      907.562 <none> (D)  
  F_IM                                                                                 Instruction_Memory                                    123602 479854.722     0.000   479854.722 <none> (D)  
    g4099                                                                              cdec                                                    1140   3043.002     0.000     3043.002 <none> (D)  
    g4101                                                                              cdec_1929                                               1140   3043.002     0.000     3043.002 <none> (D)  
    mux_instruction[A]_25_31                                                           cmux                                                   43680 145722.426     0.000   145722.426 <none> (D)  
    mux_instruction[WA]_23_36                                                          cmux_1928                                              43680 145722.426     0.000   145722.426 <none> (D)  
  F_PC_adder_add_17_20                                                                 add_unsigned_8_3237                                      323    890.212     0.000      890.212 <none> (D)  
  F_PC_register                                                                        PC                                                        33    300.296     0.000      300.296 <none> (D)  
  H                                                                                    Hazard_unit                                              118    340.336     0.000      340.336 <none> (D)  
  M                                                                                    Memory                                                   374   1141.126     0.000     1141.126 <none> (D)  
    dmemory                                                                            memTopo32LittleEndian                                    374   1141.126     0.000     1141.126 <none> (D)  
  MUX_UPPER                                                                            mux_2x1_3                                                 32     85.418     0.000       85.418 <none> (D)  
  MW_REG                                                                               M_W_flipflop                                             105    980.968     0.000      980.968 <none> (D)  
  WALLACE_CSA_DUMMY_OP                                                                 csa_tree_4157                                             90    240.237     0.000      240.237 <none> (D)  
  WALLACE_CSA_DUMMY_OP4                                                                csa_tree_4199                                             43    114.780     0.000      114.780 <none> (D)  
  WALLACE_CSA_DUMMY_OP6                                                                csa_tree_4219                                             32     42.709     0.000       42.709 <none> (D)  
  csa_tree_E_ALU_add_16_23_Y_csa_tree_E_ALU_add_16_12                                  csa_tree_4452                                            128    341.670     0.000      341.670 <none> (D)  
  csa_tree_E_ALU_eq_47_26_groupi                                                       csa_tree_E_ALU_eq_47_26_group_12                         229    639.297     0.000      639.297 <none> (D)  
  csa_tree_E_FPU_fp2int_inst_neq_62_29_groupi                                          csa_tree_E_FPU_fp2int_inst_neq_62_29_group_8             105    309.639     0.000      309.639 <none> (D)  
  csa_tree_E_FPU_int2fp_inst_eq_16_23_groupi                                           csa_tree_E_FPU_int2fp_inst_eq_16_23_group_6              102    300.296     0.000      300.296 <none> (D)  
  dec_E_FPU_fp2int_inst_sub_39_45                                                      decrement_unsigned_9276_18157                             12     32.032     0.000       32.032 <none> (D)  
  dec_E_FPU_fp2int_inst_sub_42_60                                                      decrement_unsigned_3703_18158                             83    224.221     0.000      224.221 <none> (D)  
  final_adder_E_ALU_mux_ResultReg_29_8                                                 add_unsigned_3879                                        323    890.212     0.000      890.212 <none> (D)  
  final_adder_E_FPU_int2fp_inst_mux_14_17                                              add_unsigned_2208                                        133    361.690     0.000      361.690 <none> (D)  
  inc_E_FPU_multiply_inst_add_93_46                                                    increment_unsigned_18159                                  99    266.930     0.000      266.930 <none> (D)  
  (D) = wireload is default in technology library
