============================================================
  Generated by:           Genus(TM) Synthesis Solution 22.17-s071_1
  Generated on:           Jul 14 2026  10:51:27 am
  Module:                 pipelined_processor_FPU
  Operating conditions:   PVT_0P9V_125C (balanced_tree)
  Wireload mode:          enclosed
  Area mode:              timing library
============================================================

        Instance                Module         Cell Count  Cell Area  Net Area   Total Area   Wireload  
--------------------------------------------------------------------------------------------------------
pipelined_processor_FPU                             94195 316312.448     0.000   316312.448 <none> (D)  
  C                     Control_Unit                   91    123.120     0.000      123.120 <none> (D)  
    ALU_Decoder         ALU_Decoder                    19     28.044     0.000       28.044 <none> (D)  
    fpudecoder          FPU_Decoder                    28     39.672     0.000       39.672 <none> (D)  
    maindecoder         Main_Decoder                   44     55.404     0.000       55.404 <none> (D)  
  DE_REG                D_E_flipflop                  524   1970.604     0.000     1970.604 <none> (D)  
  D_RFF                 Register_File_1940           3523  14724.468     0.000    14724.468 <none> (D)  
  D_RFX                 Register_File                3523  14724.468     0.000    14724.468 <none> (D)  
  EM_REG                E_M_flipflop                  147    906.642     0.000      906.642 <none> (D)  
  FD_REG                F_D_flipflop                  294    901.512     0.000      901.512 <none> (D)  
  F_IM                  Instruction_Memory          80135 270064.062     0.000   270064.062 <none> (D)  
  F_PC_register         PC                             35    265.050     0.000      265.050 <none> (D)  
  H                     Hazard_unit                    60    117.990     0.000      117.990 <none> (D)  
  M                     Memory                        202    320.454     0.000      320.454 <none> (D)  
    dmemory             memTopo32LittleEndian         202    320.454     0.000      320.454 <none> (D)  
  MUX_UPPER             mux_2x1_3                      32     43.776     0.000       43.776 <none> (D)  
  MW_REG                M_W_flipflop                  106    671.004     0.000      671.004 <none> (D)  
  (D) = wireload is default in technology library
