============================================================
  Generated by:           Genus(TM) Synthesis Solution 22.17-s071_1
  Generated on:           Jul 14 2026  10:47:25 am
  Module:                 pipelined_processor_FPU
  Operating conditions:   PVT_0P9V_125C (balanced_tree)
  Wireload mode:          enclosed
  Area mode:              timing library
============================================================

        Instance                Module         Cell Count  Cell Area  Net Area   Total Area   Wireload  
--------------------------------------------------------------------------------------------------------
pipelined_processor_FPU                             95058 317835.443     0.000   317835.443 <none> (D)  
  C                     Control_Unit                   93    124.488     0.000      124.488 <none> (D)  
    ALU_Decoder         ALU_Decoder                    19     28.044     0.000       28.044 <none> (D)  
    fpudecoder          FPU_Decoder                    28     39.672     0.000       39.672 <none> (D)  
    maindecoder         Main_Decoder                   46     56.772     0.000       56.772 <none> (D)  
  DE_REG                D_E_flipflop                  527   1973.340     0.000     1973.340 <none> (D)  
  D_RFF                 Register_File_1940           3524  14725.152     0.000    14725.152 <none> (D)  
  D_RFX                 Register_File                3524  14725.152     0.000    14725.152 <none> (D)  
  EM_REG                E_M_flipflop                  148    908.010     0.000      908.010 <none> (D)  
  FD_REG                F_D_flipflop                  295    903.564     0.000      903.564 <none> (D)  
  F_IM                  Instruction_Memory          80716 271316.124     0.000   271316.124 <none> (D)  
  F_PC_register         PC                             35    265.050     0.000      265.050 <none> (D)  
  H                     Hazard_unit                    74    129.276     0.000      129.276 <none> (D)  
  M                     Memory                        202    320.454     0.000      320.454 <none> (D)  
    dmemory             memTopo32LittleEndian         202    320.454     0.000      320.454 <none> (D)  
  MUX_UPPER             mux_2x1_3                      32     43.776     0.000       43.776 <none> (D)  
  MW_REG                M_W_flipflop                  107    671.688     0.000      671.688 <none> (D)  
  (D) = wireload is default in technology library
