============================================================
  Generated by:           Genus(TM) Synthesis Solution 22.17-s071_1
  Generated on:           Jul 10 2026  03:42:55 pm
  Module:                 pipelined_processor_FPU
  Operating conditions:   PVT_0P9V_125C (balanced_tree)
  Wireload mode:          enclosed
  Area mode:              timing library
============================================================


Path 1: MET (262 ps) Setup Check with Pin F_PC_register_PC_reg[20]/CK->SI
          Group: clk
     Startpoint: (R) MW_REG_RdW_reg[1]/CK
          Clock: (R) clk
       Endpoint: (R) F_PC_register_PC_reg[20]/SI
          Clock: (R) clk

                     Capture       Launch     
        Clock Edge:+   10000            0     
       Src Latency:+     500          500     
       Net Latency:+       0 (I)        0 (I) 
           Arrival:=   10500          500     
                                              
             Setup:-    -108                  
       Uncertainty:-    1000                  
     Required Time:=    9608                  
      Launch Clock:-     500                  
         Data Path:-    8846                  
             Slack:=     262                  

#-----------------------------------------------------------------------------------------------------------------------
#                 Timing Point                  Flags    Arc   Edge   Cell     Fanout Load Trans Delay Arrival Instance 
#                                                                                     (fF)  (ps)  (ps)   (ps)  Location 
#-----------------------------------------------------------------------------------------------------------------------
  MW_REG_RdW_reg[1]/CK                          -       -      R     (arrival)   2587    -  1000     0     500    (-,-) 
  MW_REG_RdW_reg[1]/Q                           -       CK->Q  R     DFFRHQX1       1  0.8    30   749    1249    (-,-) 
  g71642/Y                                      -       A->Y   R     BUFX8          7 42.0   126   141    1390    (-,-) 
  g71522/Y                                      -       A->Y   F     XOR2XL         1  0.4    34   216    1606    (-,-) 
  g71399/Y                                      -       A->Y   R     NOR2X1         1  0.4    45    58    1665    (-,-) 
  g71371/Y                                      -       A->Y   F     NAND2X1        1  0.4    60    74    1739    (-,-) 
  g71364/Y                                      -       A->Y   R     NOR2X1         1  0.8    65    82    1821    (-,-) 
  g71315/Y                                      -       A->Y   R     OR2X6         46 19.8    84   138    1959    (-,-) 
  g71290/Y                                      -       A->Y   F     INVX3         29  6.6    77    83    2042    (-,-) 
  g71263/Y                                      -       B->Y   R     NOR2BX1        1  0.4    50    72    2114    (-,-) 
  g71243/Y                                      -       B->Y   F     NAND2X1        2  1.8   132   110    2224    (-,-) 
  g88618/Y                                      -       B->Y   R     NAND2X4       38 15.2   108   116    2340    (-,-) 
  E_FPU_multiply_inst_mul_31_28_g9544/Y         -       A->Y   F     CLKINVX6      26  9.6    69    84    2424    (-,-) 
  E_FPU_multiply_inst_mul_31_28_g9335/Y         -       B->Y   R     MXI2X4        27  9.6    68   235    2660    (-,-) 
  E_FPU_multiply_inst_mul_31_28_g9566/Y         -       B->Y   F     NAND2BX2      25  8.4   263   191    2850    (-,-) 
  E_FPU_multiply_inst_mul_31_28_g9013/Y         -       A1->Y  R     OAI22X1        1  0.8   122   207    3058    (-,-) 
  E_FPU_multiply_inst_mul_31_28_cdnfadd_021_2/S -       A->S   F     ADDFX1         1  0.5    40   347    3404    (-,-) 
  E_FPU_multiply_inst_mul_31_28_cdnfadd_021_4/S -       CI->S  R     ADDFX1         1  0.6    42   288    3692    (-,-) 
  E_FPU_multiply_inst_mul_31_28_cdnfadd_021_6/S -       CI->S  F     ADDFX1         1  0.5    40   270    3962    (-,-) 
  E_FPU_multiply_inst_mul_31_28_cdnfadd_021_7/S -       CI->S  R     ADDFX1         1  0.8    46   290    4252    (-,-) 
  E_FPU_multiply_inst_mul_31_28_cdnfadd_021_8/S -       B->S   F     ADDFX1         2  0.5    40   299    4552    (-,-) 
  E_FPU_multiply_inst_mul_31_28_g8651/Y         -       B->Y   R     NOR2X1         3  1.2    81    72    4624    (-,-) 
  E_FPU_multiply_inst_mul_31_28_g8595/Y         -       B->Y   F     NOR2BX1        1  0.3    34    64    4688    (-,-) 
  E_FPU_multiply_inst_mul_31_28_g8584/Y         -       B->Y   R     NOR2X1         2  0.6    54    54    4742    (-,-) 
  E_FPU_multiply_inst_mul_31_28_g8571/Y         -       A1->Y  F     OAI21XL        1  0.2    77    87    4829    (-,-) 
  E_FPU_multiply_inst_mul_31_28_g8565/Y         -       A1N->Y F     OAI2BB1X1      1  0.3    55   107    4936    (-,-) 
  E_FPU_multiply_inst_mul_31_28_g8554/Y         -       B->Y   R     NOR2X1         4  1.6   100    90    5026    (-,-) 
  E_FPU_multiply_inst_mul_31_28_g8550/Y         -       B->Y   F     NOR2X1         1  0.3    38    76    5102    (-,-) 
  E_FPU_multiply_inst_mul_31_28_g8545/Y         -       B->Y   R     NOR2X1         3  1.0    72    66    5168    (-,-) 
  E_FPU_multiply_inst_mul_31_28_g8528/Y         -       D->Y   F     NOR4X1         1  0.3    57    64    5231    (-,-) 
  E_FPU_multiply_inst_mul_31_28_g8526/Y         -       B->Y   R     NOR2X1         4  1.6   100    91    5322    (-,-) 
  E_FPU_multiply_inst_mul_31_28_g8518/Y         -       A1->Y  F     OAI21X1        4  1.3   120   136    5458    (-,-) 
  E_FPU_multiply_inst_mul_31_28_g8514/Y         -       B->Y   R     NAND2X1        1  0.4    41    84    5542    (-,-) 
  E_FPU_multiply_inst_mul_31_28_g8512/Y         -       B->Y   F     NAND2X1        3  0.9    84    78    5621    (-,-) 
  E_FPU_multiply_inst_mul_31_28_g8502/Y         -       B->Y   R     NAND2X1        1  0.4    35    64    5684    (-,-) 
  E_FPU_multiply_inst_mul_31_28_g8501/Y         -       B->Y   F     NAND2X1        2  0.8    79    72    5756    (-,-) 
  E_FPU_multiply_inst_mul_31_28_g8490/Y         -       A1->Y  R     AOI21X1        1  0.4    53    87    5843    (-,-) 
  E_FPU_multiply_inst_mul_31_28_g8486/Y         -       B->Y   F     XNOR2X2       27 10.2   157   232    6075    (-,-) 
  g2/Y                                          -       AN->Y  F     NAND2BX1       1  0.4    59   147    6222    (-,-) 
  g66139/Y                                      -       B0->Y  R     OAI2BB1X1      3  0.8    42    57    6280    (-,-) 
  g66108/Y                                      -       D->Y   F     NOR4X1         1  0.4    52    46    6326    (-,-) 
  g66107/Y                                      -       A1->Y  R     OAI22X1        2  0.4    83    82    6408    (-,-) 
  inc_E_FPU_multiply_inst_add_93_46_g403/Y      -       B->Y   R     AND2X1         3  1.0    37   165    6573    (-,-) 
  inc_E_FPU_multiply_inst_add_93_46_g396/Y      -       B->Y   F     NAND2X1        4  1.1    94    82    6655    (-,-) 
  inc_E_FPU_multiply_inst_add_93_46_g394/Y      -       B->Y   R     NOR2X1         4  1.2    86   102    6756    (-,-) 
  inc_E_FPU_multiply_inst_add_93_46_g391/Y      -       B->Y   F     NAND2BX1       3  0.8    85   101    6857    (-,-) 
  inc_E_FPU_multiply_inst_add_93_46_g385/Y      -       B->Y   R     NOR2X1         4  1.2    90    96    6954    (-,-) 
  inc_E_FPU_multiply_inst_add_93_46_g383/Y      -       B->Y   F     NAND2BX1       3  0.9    90   106    7060    (-,-) 
  inc_E_FPU_multiply_inst_add_93_46_g376/Y      -       B->Y   R     NOR2X1         3  0.8    69    89    7149    (-,-) 
  inc_E_FPU_multiply_inst_add_93_46_g370/Y      -       AN->Y  R     NOR2BX1        2  0.4    48   111    7260    (-,-) 
  inc_E_FPU_multiply_inst_add_93_46_g360/Y      -       B->Y   R     AND2X1         6  1.8    53   156    7416    (-,-) 
  g127887/Y                                     -       B->Y   R     OR2XL          1  0.4    26    74    7490    (-,-) 
  g127285/Y                                     -       A1->Y  F     AOI22X1        2  0.5   112    99    7590    (-,-) 
  g126984/Y                                     -       B->Y   R     NAND2X1        2  0.6    55    82    7671    (-,-) 
  g121260/Y                                     -       A0N->Y R     OAI2BB1X1      2  0.8    38   152    7823    (-,-) 
  g89658/Y                                      -       B->Y   F     NAND2X1        1  0.3    54    59    7882    (-,-) 
  g89656/Y                                      -       B->Y   R     NAND2BX1       2  0.6    34    48    7930    (-,-) 
  g89647/Y                                      -       A1N->Y R     OAI2BB1X1      2  0.6    34   129    8059    (-,-) 
  g89644/Y                                      -       A1N->Y R     OAI2BB1X1      2  0.6    35   129    8188    (-,-) 
  g89642/Y                                      -       A1N->Y R     OAI2BB1X1      1  0.4    30   127    8316    (-,-) 
  g89640/Y                                      -       B->Y   R     XOR2XL         2  0.6    36   126    8442    (-,-) 
  g89639/Y                                      -       A1N->Y R     AOI2BB1X1     11  4.0   202   177    8619    (-,-) 
  g89637/Y                                      -       B->Y   R     AND2X1        22  8.6   193   311    8930    (-,-) 
  g89613/Y                                      -       B1->Y  F     AOI221X1       1  0.4   119   173    9103    (-,-) 
  g89580/Y                                      -       B0->Y  R     OAI2BB1X1      2  0.5    45    88    9192    (-,-) 
  g89562/Y                                      -       B->Y   R     MX2XL          1  0.4    29   154    9346    (-,-) 
  F_PC_register_PC_reg[20]/SI                   <<<     -      R     SDFFRHQX1      1    -     -     0    9346    (-,-) 
#-----------------------------------------------------------------------------------------------------------------------

