============================================================
  Generated by:           Genus(TM) Synthesis Solution 22.17-s071_1
  Generated on:           Jul 10 2026  03:48:17 pm
  Module:                 pipelined_processor_FPU
  Operating conditions:   PVT_0P9V_125C (balanced_tree)
  Wireload mode:          enclosed
  Area mode:              timing library
============================================================


Path 1: MET (1 ps) Setup Check with Pin F_PC_register_PC_reg[22]/CK->SI
          Group: clk
     Startpoint: (R) MW_REG_RdW_reg[1]/CK
          Clock: (R) clk
       Endpoint: (R) F_PC_register_PC_reg[22]/SI
          Clock: (R) clk

                     Capture       Launch     
        Clock Edge:+   10000            0     
       Src Latency:+     500          500     
       Net Latency:+       0 (I)        0 (I) 
           Arrival:=   10500          500     
                                              
             Setup:-    -108                  
       Uncertainty:-    1000                  
     Required Time:=    9608                  
      Launch Clock:-     500                  
         Data Path:-    9106                  
             Slack:=       1                  

#----------------------------------------------------------------------------------------------------------------------------------------------------------------------
#                                        Timing Point                                          Flags    Arc   Edge   Cell     Fanout Load Trans Delay Arrival Instance 
#                                                                                                                                    (fF)  (ps)  (ps)   (ps)  Location 
#----------------------------------------------------------------------------------------------------------------------------------------------------------------------
  MW_REG_RdW_reg[1]/CK                                                                         -       -      R     (arrival)   2587    -  1000     0     500    (-,-) 
  MW_REG_RdW_reg[1]/Q                                                                          -       CK->Q  R     DFFRHQX1       1  0.8    30   749    1249    (-,-) 
  g71642/Y                                                                                     -       A->Y   R     BUFX8          7 42.0   126   141    1390    (-,-) 
  g71524/Y                                                                                     -       A->Y   F     XOR2XL         1  0.4    34   216    1606    (-,-) 
  g71395/Y                                                                                     -       A->Y   R     NOR2X1         1  0.2    36    53    1660    (-,-) 
  g159848/Y                                                                                    -       AN->Y  R     NOR4BX1        1  0.8   156   217    1877    (-,-) 
  g71314/Y                                                                                     -       A->Y   R     OR2X6         59 17.6    78   181    2057    (-,-) 
  g89541/Y                                                                                     -       AN->Y  R     NAND2BX1       2  1.2    44   104    2161    (-,-) 
  g89441/Y                                                                                     -       A->Y   F     INVX2         29  6.4    96    78    2239    (-,-) 
  g88672/Y                                                                                     -       A1->Y  R     AOI221X1       7  2.8   260   259    2498    (-,-) 
  g88645/Y                                                                                     -       A->Y   F     INVX2          8  2.6    85   168    2666    (-,-) 
  g88594/Y                                                                                     -       B->Y   R     NAND2X1        2  0.8    43    68    2734    (-,-) 
  g88234/Y                                                                                     -       A0->Y  F     AOI21X1        2  0.8    96   105    2839    (-,-) 
  g88118/Y                                                                                     -       A1->Y  R     OAI21X1        2  0.8    82   106    2944    (-,-) 
  g88028/Y                                                                                     -       A1->Y  F     AOI21X1        2  0.7    92   115    3060    (-,-) 
  g87994/Y                                                                                     -       B->Y   R     NOR2X1         1  0.4    52    80    3140    (-,-) 
  g87975/Y                                                                                     -       B->Y   F     NOR2BX1        2  0.7    39    52    3192    (-,-) 
  g87963/Y                                                                                     -       B->Y   R     NOR2X1         1  0.4    46    51    3243    (-,-) 
  g87959/Y                                                                                     -       B->Y   F     NOR2BX1        2  0.5    34    46    3290    (-,-) 
  g87954/Y                                                                                     -       B->Y   R     NOR2X1         1  0.4    45    49    3338    (-,-) 
  g87950/Y                                                                                     -       B->Y   F     NOR2X1         8  2.6    87    74    3412    (-,-) 
  g159818/Y                                                                                    -       AN->Y  F     NAND2BX2      22  6.7   217   225    3638    (-,-) 
  g87930/Y                                                                                     -       B->Y   R     NOR2X1         3  1.1    95   165    3802    (-,-) 
  g87923/Y                                                                                     -       A->Y   F     INVX1          3  0.9    48    79    3882    (-,-) 
  g159872/Y                                                                                    -       D->Y   R     NOR4BBX1       3  1.0   174   125    4006    (-,-) 
  g87907/Y                                                                                     -       A->Y   F     INVX1          4  1.5    77   134    4141    (-,-) 
  g87894/Y                                                                                     -       B->Y   R     NOR2X1         4  1.6   103   102    4243    (-,-) 
  g87742/Y                                                                                     -       A1->Y  F     AOI21X1        1  0.4    78   118    4361    (-,-) 
  g87694/Y                                                                                     -       B0->Y  R     OAI211X1       3  1.0   110    74    4434    (-,-) 
  g87658/Y                                                                                     -       A0->Y  F     OAI22X1        1  0.4    98   159    4593    (-,-) 
  g87643/Y                                                                                     -       B->Y   R     NOR3X1         1  0.4    82   122    4715    (-,-) 
  g87641/Y                                                                                     -       B->Y   F     NOR2X1         1  0.3    34    66    4781    (-,-) 
  g159868/Y                                                                                    -       C->Y   R     NOR3X1         1  0.4    82    67    4848    (-,-) 
  g87637/Y                                                                                     -       A1->Y  F     OAI21X1        1  0.4    76    99    4947    (-,-) 
  g87636/Y                                                                                     -       A1->Y  R     AOI21X1        1  0.8    73    95    5042    (-,-) 
  g87635/Y                                                                                     -       B->Y   F     NOR2X2         2  2.4    64    68    5110    (-,-) 
  g87633/Y                                                                                     -       B->Y   R     NOR2X6        47 19.8   175   128    5238    (-,-) 
  g87621/Y                                                                                     -       S0->Y  F     MX2XL          1  0.4    35   202    5440    (-,-) 
  E_FPU_adder_inst_sub_91_23_Y_E_FPU_adder_inst_sub_66_11_Y_E_FPU_adder_inst_add_60_19_g1667/Y -       S0->Y  F     MXI2XL         2  0.8   147   123    5564    (-,-) 
  E_FPU_adder_inst_sub_91_23_Y_E_FPU_adder_inst_sub_66_11_Y_E_FPU_adder_inst_add_60_19_g1593/Y -       A1->Y  R     OAI21X1        2  0.6    79   128    5692    (-,-) 
  E_FPU_adder_inst_sub_91_23_Y_E_FPU_adder_inst_sub_66_11_Y_E_FPU_adder_inst_add_60_19_g1551/Y -       A1->Y  F     AOI21X1        2  0.8    97   116    5808    (-,-) 
  E_FPU_adder_inst_sub_91_23_Y_E_FPU_adder_inst_sub_66_11_Y_E_FPU_adder_inst_add_60_19_g1547/Y -       A1->Y  R     OAI21X1        2  0.6    74   101    5910    (-,-) 
  E_FPU_adder_inst_sub_91_23_Y_E_FPU_adder_inst_sub_66_11_Y_E_FPU_adder_inst_add_60_19_g1545/Y -       A1N->Y R     OAI2BB1X1      3  0.8    44   150    6060    (-,-) 
  E_FPU_adder_inst_sub_91_23_Y_E_FPU_adder_inst_sub_66_11_Y_E_FPU_adder_inst_add_60_19_g1671/Y -       AN->Y  R     NOR2BX1        1  0.4    48    99    6159    (-,-) 
  E_FPU_adder_inst_sub_91_23_Y_E_FPU_adder_inst_sub_66_11_Y_E_FPU_adder_inst_add_60_19_g1542/Y -       B->Y   F     NOR2X1         2  0.8    49    52    6210    (-,-) 
  E_FPU_adder_inst_sub_91_23_Y_E_FPU_adder_inst_sub_66_11_Y_E_FPU_adder_inst_add_60_19_g1538/Y -       A1->Y  R     OAI21X1        2  0.6    69    75    6285    (-,-) 
  g159904/Y                                                                                    -       A1N->Y R     OAI2BB1X1      3  1.0    48   150    6436    (-,-) 
  E_FPU_adder_inst_sub_91_23_Y_E_FPU_adder_inst_sub_66_11_Y_E_FPU_adder_inst_add_60_19_g1533/Y -       B->Y   F     NAND2X1        2  0.4    59    68    6503    (-,-) 
  g159903/Y                                                                                    -       A1N->Y F     AOI2BB1X1      3  1.1    56   128    6631    (-,-) 
  E_FPU_adder_inst_sub_91_23_Y_E_FPU_adder_inst_sub_66_11_Y_E_FPU_adder_inst_add_60_19_g1524/Y -       B->Y   R     NOR2BX1        1  0.4    48    60    6691    (-,-) 
  E_FPU_adder_inst_sub_91_23_Y_E_FPU_adder_inst_sub_66_11_Y_E_FPU_adder_inst_add_60_19_g1521/Y -       B->Y   F     NOR2X1         2  0.8    49    52    6743    (-,-) 
  E_FPU_adder_inst_sub_91_23_Y_E_FPU_adder_inst_sub_66_11_Y_E_FPU_adder_inst_add_60_19_g1517/Y -       A1->Y  R     OAI21X1        2  0.6    69    75    6818    (-,-) 
  g159902/Y                                                                                    -       A1N->Y R     OAI2BB1X1      2  0.8    44   148    6966    (-,-) 
  E_FPU_adder_inst_sub_91_23_Y_E_FPU_adder_inst_sub_66_11_Y_E_FPU_adder_inst_add_60_19_g1512/Y -       B->Y   F     NAND2X1        2  0.6    69    71    7037    (-,-) 
  E_FPU_adder_inst_sub_91_23_Y_E_FPU_adder_inst_sub_66_11_Y_E_FPU_adder_inst_add_60_19_g1510/Y -       B->Y   R     NOR2X1         2  0.8    66    78    7115    (-,-) 
  E_FPU_adder_inst_sub_91_23_Y_E_FPU_adder_inst_sub_66_11_Y_E_FPU_adder_inst_add_60_19_g1507/Y -       A1->Y  F     AOI21X1        3  1.2   116   121    7236    (-,-) 
  E_FPU_adder_inst_sub_91_23_Y_E_FPU_adder_inst_sub_66_11_Y_E_FPU_adder_inst_add_60_19_g1502/Y -       A1->Y  R     OAI21X1        2  0.8    84   117    7353    (-,-) 
  E_FPU_adder_inst_sub_91_23_Y_E_FPU_adder_inst_sub_66_11_Y_E_FPU_adder_inst_add_60_19_g1498/Y -       A1->Y  F     AOI21X1        2  0.8    97   120    7472    (-,-) 
  E_FPU_adder_inst_sub_91_23_Y_E_FPU_adder_inst_sub_66_11_Y_E_FPU_adder_inst_add_60_19_g1495/Y -       A1->Y  R     OAI21X1        2  1.0    91   111    7584    (-,-) 
  E_FPU_adder_inst_sub_91_23_Y_E_FPU_adder_inst_sub_66_11_Y_E_FPU_adder_inst_add_60_19_g1493/Y -       B->Y   F     NOR2X2         8  2.4    81    78    7662    (-,-) 
  g159901/Y                                                                                    -       B0->Y  F     AO21X1         3  0.8    38   141    7803    (-,-) 
  g66210/Y                                                                                     -       B->Y   R     NOR2X1         4  1.4    89    76    7879    (-,-) 
  g66176/Y                                                                                     -       A1->Y  R     AO21X2        17  7.2   107   252    8132    (-,-) 
  g128037/Y                                                                                    -       A->Y   F     INVX1         17  6.0   176   155    8286    (-,-) 
  g126907/Y                                                                                    -       A->Y   R     NAND2X1        2  0.8    61   124    8410    (-,-) 
  g124524/Y                                                                                    -       B->Y   F     XNOR2X1        3  0.9    41   148    8559    (-,-) 
  g128608/Y                                                                                    -       B->Y   R     NOR2BX1        3  1.0    72    68    8626    (-,-) 
  g128605/Y                                                                                    -       B->Y   F     NAND2BX1      13  4.6   280   206    8833    (-,-) 
  g122468/Y                                                                                    -       A->Y   R     INVX1          5  2.0    96   190    9023    (-,-) 
  g122352/Y                                                                                    -       B->Y   F     NAND2X1        2  0.8    85   106    9128    (-,-) 
  g89662/Y                                                                                     -       A1->Y  R     OAI211X1       1  0.2    71    98    9226    (-,-) 
  g89621/Y                                                                                     -       A1->Y  F     AOI211XL       1  0.4   118   138    9364    (-,-) 
  g89615/Y                                                                                     -       B0->Y  R     OAI2BB1X1      2  0.5    45    88    9452    (-,-) 
  g89564/Y                                                                                     -       B->Y   R     MX2XL          1  0.4    29   154    9606    (-,-) 
  F_PC_register_PC_reg[22]/SI                                                                  <<<     -      R     SDFFRHQX1      1    -     -     0    9606    (-,-) 
#----------------------------------------------------------------------------------------------------------------------------------------------------------------------

