============================================================
  Generated by:           Genus(TM) Synthesis Solution 22.17-s071_1
  Generated on:           Jul 10 2026  03:30:27 pm
  Module:                 pipelined_processor_FPU
  Operating conditions:   PVT_0P9V_125C (balanced_tree)
  Wireload mode:          enclosed
  Area mode:              timing library
============================================================


Path 1: MET (569 ps) Setup Check with Pin F_PC_register_PC_reg[30]/clk->d
          Group: clk
     Startpoint: (R) DE_REG_Rs1E_reg[3]/clk
          Clock: (R) clk
       Endpoint: (R) F_PC_register_PC_reg[30]/d
          Clock: (R) clk

                     Capture       Launch     
        Clock Edge:+   10000            0     
       Src Latency:+     500          500     
       Net Latency:+       0 (I)        0 (I) 
           Arrival:=   10500          500     
                                              
             Setup:-     237                  
       Uncertainty:-    1000                  
     Required Time:=    9263                  
      Launch Clock:-     500                  
         Data Path:-    8194                  
             Slack:=     569                  

#-------------------------------------------------------------------------------------------------------------------------------------------------------------------------------
#                                        Timing Point                                          Flags    Arc    Edge       Cell         Fanout Load Trans Delay Arrival Instance 
#                                                                                                                                             (fF)  (ps)  (ps)   (ps)  Location 
#-------------------------------------------------------------------------------------------------------------------------------------------------------------------------------
  DE_REG_Rs1E_reg[3]/clk                                                                       -       -       R     (arrival)            604    -  1000     0     500    (-,-) 
  DE_REG_Rs1E_reg[3]/q                                                                         (u)     clk->q  R     unmapped_d_flop        5  5.0     0   337     837    (-,-) 
  g45493/z                                                                                     (u)     in_1->z R     unmapped_or2           1  1.0     0    60     897    (-,-) 
  g45388/z                                                                                     (u)     in_1->z R     unmapped_or2           1  1.0     0    60     957    (-,-) 
  g45264/z                                                                                     (u)     in_1->z R     unmapped_or2           2  2.0     0    70    1026    (-,-) 
  g45195/z                                                                                     (u)     in_0->z F     unmapped_complex2      1  1.0     0    60    1087    (-,-) 
  g45180/z                                                                                     (u)     in_0->z F     unmapped_or2          65  9.0     0   141    1228    (-,-) 
  g45079/z                                                                                     (u)     in_0->z R     unmapped_nand2        98 10.0     0   146    1373    (-,-) 
  g43984/z                                                                                     (u)     in_0->z R     unmapped_complex2     32  6.0     0   122    1496    (-,-) 
  g64687/z                                                                                     (u)     in_0->z R     unmapped_complex2      1  1.0     0    60    1556    (-,-) 
  g42942/z                                                                                     (u)     in_1->z F     unmapped_nand2         1  1.0     0    60    1616    (-,-) 
  g42929/z                                                                                     (u)     in_0->z F     unmapped_complex2     57  8.0     0   136    1752    (-,-) 
  g45720/z                                                                                     (u)     in_0->z R     unmapped_complex2      3  3.0     0    76    1828    (-,-) 
  g48562/z                                                                                     (u)     in_1->z F     unmapped_nand2         1  1.0     0    60    1888    (-,-) 
  g48501/z                                                                                     (u)     in_1->z R     unmapped_nand2         3  3.0     0    76    1964    (-,-) 
  g48391/z                                                                                     (u)     in_1->z F     unmapped_nand2         1  1.0     0    60    2024    (-,-) 
  g48377/z                                                                                     (u)     in_1->z R     unmapped_nand2         3  3.0     0    76    2100    (-,-) 
  g48322/z                                                                                     (u)     in_1->z F     unmapped_nand2         1  1.0     0    60    2160    (-,-) 
  g48250/z                                                                                     (u)     in_1->z R     unmapped_nand2         3  3.0     0    76    2236    (-,-) 
  g48240/z                                                                                     (u)     in_1->z F     unmapped_nand2         2  2.0     0    70    2306    (-,-) 
  g48762/z                                                                                     (u)     in_1->z F     unmapped_complex2      1  1.0     0    60    2366    (-,-) 
  g48771/z                                                                                     (u)     in_1->z R     unmapped_complex2      3  3.0     0    76    2442    (-,-) 
  g48198/z                                                                                     (u)     in_1->z F     unmapped_nand2         1  1.0     0    60    2502    (-,-) 
  g48193/z                                                                                     (u)     in_1->z R     unmapped_nand2         2  2.0     0    70    2571    (-,-) 
  g48192/z                                                                                     (u)     in_0->z F     unmapped_nand2         1  1.0     0    60    2631    (-,-) 
  g48188/z                                                                                     (u)     in_0->z R     unmapped_nand2        28 28.0     0   147    2778    (-,-) 
  g48166/z                                                                                     (u)     in_0->z F     unmapped_nand2        35  6.0     0   122    2901    (-,-) 
  g48152/z                                                                                     (u)     in_1->z F     unmapped_or2          12 12.0     0   114    3015    (-,-) 
  g48103/z                                                                                     (u)     in_1->z F     unmapped_or2           8  8.0     0   101    3116    (-,-) 
  g48068/z                                                                                     (u)     in_0->z F     unmapped_complex2      8  8.0     0   101    3218    (-,-) 
  g47964/z                                                                                     (u)     in_0->z F     unmapped_complex2      1  1.0     0    60    3278    (-,-) 
  g47920/z                                                                                     (u)     in_1->z R     unmapped_nand2         1  1.0     0    60    3338    (-,-) 
  g47896/z                                                                                     (u)     in_1->z R     unmapped_or2           1  1.0     0    60    3398    (-,-) 
  g47862/z                                                                                     (u)     in_1->z R     unmapped_or2           3  3.0     0    76    3474    (-,-) 
  g46512/z                                                                                     (u)     in_1->z R     unmapped_complex2      2  2.0     0    70    3543    (-,-) 
  g47641/z                                                                                     (u)     in_0->z R     unmapped_complex2      1  1.0     0    60    3604    (-,-) 
  g47804/z                                                                                     (u)     in_0->z F     unmapped_nand2         1  1.0     0    60    3664    (-,-) 
  g47801/z                                                                                     (u)     in_1->z R     unmapped_nand2         1  1.0     0    60    3724    (-,-) 
  g47799/z                                                                                     (u)     in_1->z F     unmapped_nand2         2  2.0     0    70    3793    (-,-) 
  g47798/z                                                                                     (u)     in_0->z R     unmapped_complex2      1  1.0     0    60    3853    (-,-) 
  g47796/z                                                                                     (u)     in_0->z F     unmapped_nand2         1  1.0     0    60    3913    (-,-) 
  g47794/z                                                                                     (u)     in_1->z R     unmapped_nand2         1  1.0     0    60    3974    (-,-) 
  g48906/z                                                                                     (u)     in_0->z F     unmapped_complex2      1  1.0     0    60    4034    (-,-) 
  g48907/z                                                                                     (u)     in_1->z R     unmapped_complex2      1  1.0     0    60    4094    (-,-) 
  g48908/z                                                                                     (u)     in_1->z F     unmapped_complex2      1  1.0     0    60    4154    (-,-) 
  g47790/z                                                                                     (u)     in_1->z R     unmapped_complex2      1  1.0     0    60    4214    (-,-) 
  g48909/z                                                                                     (u)     in_0->z F     unmapped_complex2      1  1.0     0    60    4274    (-,-) 
  g47788/z                                                                                     (u)     in_1->z R     unmapped_complex2      2  2.0     0    70    4344    (-,-) 
  g48910/z                                                                                     (u)     in_0->z F     unmapped_complex2     95 10.0     0   146    4489    (-,-) 
  g47785/z                                                                                     (u)     in_0->z R     unmapped_nand2         1  1.0     0    60    4549    (-,-) 
  g47689/z                                                                                     (u)     in_1->z F     unmapped_nand2         2  2.0     0    70    4619    (-,-) 
  E_FPU_adder_inst_sub_91_23_Y_E_FPU_adder_inst_sub_66_11_Y_E_FPU_adder_inst_add_60_19/g1418/z (u)     in_0->z R     unmapped_complex2      1  1.0     0    60    4679    (-,-) 
  E_FPU_adder_inst_sub_91_23_Y_E_FPU_adder_inst_sub_66_11_Y_E_FPU_adder_inst_add_60_19/g1419/z (u)     in_1->z F     unmapped_nand2         3  3.0     0    76    4755    (-,-) 
  E_FPU_adder_inst_sub_91_23_Y_E_FPU_adder_inst_sub_66_11_Y_E_FPU_adder_inst_add_60_19/g1392/z (u)     in_1->z R     unmapped_nand2         1  1.0     0    60    4815    (-,-) 
  E_FPU_adder_inst_sub_91_23_Y_E_FPU_adder_inst_sub_66_11_Y_E_FPU_adder_inst_add_60_19/g1373/z (u)     in_0->z F     unmapped_nand2         3  3.0     0    76    4891    (-,-) 
  E_FPU_adder_inst_sub_91_23_Y_E_FPU_adder_inst_sub_66_11_Y_E_FPU_adder_inst_add_60_19/g1343/z (u)     in_1->z R     unmapped_nand2         1  1.0     0    60    4951    (-,-) 
  E_FPU_adder_inst_sub_91_23_Y_E_FPU_adder_inst_sub_66_11_Y_E_FPU_adder_inst_add_60_19/g1333/z (u)     in_0->z F     unmapped_nand2         3  3.0     0    76    5027    (-,-) 
  E_FPU_adder_inst_sub_91_23_Y_E_FPU_adder_inst_sub_66_11_Y_E_FPU_adder_inst_add_60_19/g1326/z (u)     in_1->z R     unmapped_nand2         1  1.0     0    60    5087    (-,-) 
  E_FPU_adder_inst_sub_91_23_Y_E_FPU_adder_inst_sub_66_11_Y_E_FPU_adder_inst_add_60_19/g1324/z (u)     in_1->z F     unmapped_nand2         3  3.0     0    76    5163    (-,-) 
  E_FPU_adder_inst_sub_91_23_Y_E_FPU_adder_inst_sub_66_11_Y_E_FPU_adder_inst_add_60_19/g1322/z (u)     in_1->z R     unmapped_nand2         1  1.0     0    60    5223    (-,-) 
  E_FPU_adder_inst_sub_91_23_Y_E_FPU_adder_inst_sub_66_11_Y_E_FPU_adder_inst_add_60_19/g1316/z (u)     in_0->z F     unmapped_nand2         4  4.0     0    82    5305    (-,-) 
  E_FPU_adder_inst_sub_91_23_Y_E_FPU_adder_inst_sub_66_11_Y_E_FPU_adder_inst_add_60_19/g1311/z (u)     in_0->z R     unmapped_complex2      1  1.0     0    60    5365    (-,-) 
  E_FPU_adder_inst_sub_91_23_Y_E_FPU_adder_inst_sub_66_11_Y_E_FPU_adder_inst_add_60_19/g1310/z (u)     in_0->z F     unmapped_complex2      3  3.0     0    76    5441    (-,-) 
  E_FPU_adder_inst_sub_91_23_Y_E_FPU_adder_inst_sub_66_11_Y_E_FPU_adder_inst_add_60_19/g1302/z (u)     in_1->z R     unmapped_nand2         1  1.0     0    60    5501    (-,-) 
  E_FPU_adder_inst_sub_91_23_Y_E_FPU_adder_inst_sub_66_11_Y_E_FPU_adder_inst_add_60_19/g1301/z (u)     in_1->z F     unmapped_nand2         3  3.0     0    76    5577    (-,-) 
  E_FPU_adder_inst_sub_91_23_Y_E_FPU_adder_inst_sub_66_11_Y_E_FPU_adder_inst_add_60_19/g1297/z (u)     in_0->z R     unmapped_nand2         1  1.0     0    60    5637    (-,-) 
  E_FPU_adder_inst_sub_91_23_Y_E_FPU_adder_inst_sub_66_11_Y_E_FPU_adder_inst_add_60_19/g1296/z (u)     in_0->z F     unmapped_nand2         4  4.0     0    82    5719    (-,-) 
  E_FPU_adder_inst_sub_91_23_Y_E_FPU_adder_inst_sub_66_11_Y_E_FPU_adder_inst_add_60_19/g1291/z (u)     in_0->z R     unmapped_complex2      2  2.0     0    70    5789    (-,-) 
  E_FPU_adder_inst_sub_91_23_Y_E_FPU_adder_inst_sub_66_11_Y_E_FPU_adder_inst_add_60_19/g1290/z (u)     in_0->z R     unmapped_or2           1  1.0     0    60    5849    (-,-) 
  E_FPU_adder_inst_sub_91_23_Y_E_FPU_adder_inst_sub_66_11_Y_E_FPU_adder_inst_add_60_19/g1283/z (u)     in_0->z F     unmapped_complex2      4  4.0     0    82    5931    (-,-) 
  E_FPU_adder_inst_sub_91_23_Y_E_FPU_adder_inst_sub_66_11_Y_E_FPU_adder_inst_add_60_19/g1276/z (u)     in_0->z R     unmapped_complex2      1  1.0     0    60    5991    (-,-) 
  E_FPU_adder_inst_sub_91_23_Y_E_FPU_adder_inst_sub_66_11_Y_E_FPU_adder_inst_add_60_19/g1273/z (u)     in_0->z F     unmapped_complex2      3  3.0     0    76    6067    (-,-) 
  E_FPU_adder_inst_sub_91_23_Y_E_FPU_adder_inst_sub_66_11_Y_E_FPU_adder_inst_add_60_19/g1268/z (u)     in_1->z R     unmapped_nand2         1  1.0     0    60    6127    (-,-) 
  E_FPU_adder_inst_sub_91_23_Y_E_FPU_adder_inst_sub_66_11_Y_E_FPU_adder_inst_add_60_19/g1261/z (u)     in_1->z F     unmapped_nand2         3  3.0     0    76    6203    (-,-) 
  E_FPU_adder_inst_sub_91_23_Y_E_FPU_adder_inst_sub_66_11_Y_E_FPU_adder_inst_add_60_19/g1257/z (u)     in_1->z R     unmapped_nand2         1  1.0     0    60    6263    (-,-) 
  E_FPU_adder_inst_sub_91_23_Y_E_FPU_adder_inst_sub_66_11_Y_E_FPU_adder_inst_add_60_19/g1256/z (u)     in_1->z F     unmapped_nand2         4  4.0     0    82    6345    (-,-) 
  E_FPU_adder_inst_sub_91_23_Y_E_FPU_adder_inst_sub_66_11_Y_E_FPU_adder_inst_add_60_19/g1252/z (u)     in_0->z R     unmapped_complex2      2  2.0     0    70    6414    (-,-) 
  E_FPU_adder_inst_sub_91_23_Y_E_FPU_adder_inst_sub_66_11_Y_E_FPU_adder_inst_add_60_19/g1248/z (u)     in_0->z R     unmapped_or2           1  1.0     0    60    6474    (-,-) 
  E_FPU_adder_inst_sub_91_23_Y_E_FPU_adder_inst_sub_66_11_Y_E_FPU_adder_inst_add_60_19/g1240/z (u)     in_0->z F     unmapped_complex2      4  4.0     0    82    6556    (-,-) 
  E_FPU_adder_inst_sub_91_23_Y_E_FPU_adder_inst_sub_66_11_Y_E_FPU_adder_inst_add_60_19/g1238/z (u)     in_0->z R     unmapped_complex2      1  1.0     0    60    6616    (-,-) 
  E_FPU_adder_inst_sub_91_23_Y_E_FPU_adder_inst_sub_66_11_Y_E_FPU_adder_inst_add_60_19/g1229/z (u)     in_0->z F     unmapped_complex2      3  3.0     0    76    6692    (-,-) 
  E_FPU_adder_inst_sub_91_23_Y_E_FPU_adder_inst_sub_66_11_Y_E_FPU_adder_inst_add_60_19/g1228/z (u)     in_1->z R     unmapped_nand2         1  1.0     0    60    6752    (-,-) 
  E_FPU_adder_inst_sub_91_23_Y_E_FPU_adder_inst_sub_66_11_Y_E_FPU_adder_inst_add_60_19/g1221/z (u)     in_1->z F     unmapped_nand2         3  3.0     0    76    6828    (-,-) 
  E_FPU_adder_inst_sub_91_23_Y_E_FPU_adder_inst_sub_66_11_Y_E_FPU_adder_inst_add_60_19/g1217/z (u)     in_1->z R     unmapped_nand2         1  1.0     0    60    6888    (-,-) 
  E_FPU_adder_inst_sub_91_23_Y_E_FPU_adder_inst_sub_66_11_Y_E_FPU_adder_inst_add_60_19/g1216/z (u)     in_1->z F     unmapped_nand2         2  2.0     0    70    6958    (-,-) 
  E_FPU_adder_inst_sub_91_23_Y_E_FPU_adder_inst_sub_66_11_Y_E_FPU_adder_inst_add_60_19/g1213/z (u)     in_0->z F     unmapped_complex2      2  2.0     0    70    7028    (-,-) 
  E_FPU_adder_inst_sub_91_23_Y_E_FPU_adder_inst_sub_66_11_Y_E_FPU_adder_inst_add_60_19/g1487/z (u)     in_0->z R     unmapped_not           9  9.0     0    73    7100    (-,-) 
  g43509/z                                                                                     (u)     in_0->z R     unmapped_or2           2  2.0     0    70    7170    (-,-) 
  g44229/z                                                                                     (u)     in_0->z R     unmapped_complex2      1  1.0     0    60    7230    (-,-) 
  g44226/z                                                                                     (u)     in_0->z F     unmapped_nand2        29 29.0     0   149    7378    (-,-) 
  WALLACE_CSA_DUMMY_OP_groupi/g80/z                                                            (u)     in_1->z R     unmapped_nand2         3  3.0     0    76    7454    (-,-) 
  WALLACE_CSA_DUMMY_OP_groupi/g426/z                                                           (u)     in_0->z R     unmapped_complex2      1  1.0     0    60    7514    (-,-) 
  WALLACE_CSA_DUMMY_OP_groupi/g413/z                                                           (u)     in_0->z F     unmapped_nand2         3  3.0     0    76    7590    (-,-) 
  WALLACE_CSA_DUMMY_OP_groupi/g407/z                                                           (u)     in_1->z R     unmapped_nand2         1  1.0     0    60    7650    (-,-) 
  WALLACE_CSA_DUMMY_OP_groupi/g398/z                                                           (u)     in_1->z F     unmapped_nand2         3  3.0     0    76    7726    (-,-) 
  WALLACE_CSA_DUMMY_OP_groupi/g397/z                                                           (u)     in_1->z R     unmapped_nand2         1  1.0     0    60    7786    (-,-) 
  WALLACE_CSA_DUMMY_OP_groupi/g388/z                                                           (u)     in_0->z F     unmapped_nand2         3  3.0     0    76    7862    (-,-) 
  WALLACE_CSA_DUMMY_OP_groupi/g383/z                                                           (u)     in_1->z R     unmapped_nand2         1  1.0     0    60    7922    (-,-) 
  WALLACE_CSA_DUMMY_OP_groupi/g377/z                                                           (u)     in_1->z F     unmapped_nand2         3  3.0     0    76    7998    (-,-) 
  WALLACE_CSA_DUMMY_OP_groupi/g372/z                                                           (u)     in_0->z R     unmapped_nand2         1  1.0     0    60    8058    (-,-) 
  WALLACE_CSA_DUMMY_OP_groupi/g366/z                                                           (u)     in_1->z F     unmapped_nand2         3  3.0     0    76    8134    (-,-) 
  WALLACE_CSA_DUMMY_OP_groupi/g362/z                                                           (u)     in_1->z R     unmapped_nand2         1  1.0     0    60    8194    (-,-) 
  WALLACE_CSA_DUMMY_OP_groupi/g361/z                                                           (u)     in_0->z F     unmapped_nand2         2  2.0     0    70    8264    (-,-) 
  WALLACE_CSA_DUMMY_OP_groupi/g359/z                                                           (u)     in_0->z F     unmapped_or2           1  1.0     0    60    8324    (-,-) 
  WALLACE_CSA_DUMMY_OP_groupi/g360/z                                                           (u)     in_1->z R     unmapped_nand2         1  1.0     0    60    8384    (-,-) 
  g62367/z                                                                                     (u)     in_0->z F     unmapped_complex2      1  1.0     0    60    8444    (-,-) 
  g59160/z                                                                                     (u)     in_1->z R     unmapped_complex2      1  1.0     0    60    8504    (-,-) 
  g59025/z                                                                                     (u)     in_1->z R     unmapped_complex2      2  2.0     0    70    8574    (-,-) 
  g59005/z                                                                                     (u)     in_1->z F     unmapped_nand2         1  1.0     0    60    8634    (-,-) 
  g58979/z                                                                                     (u)     in_1->z R     unmapped_nand2         1  1.0     0    60    8694    (-,-) 
  F_PC_register_PC_reg[30]/d                                                                   <<<     -       R     unmapped_d_flop        1    -     -     0    8694    (-,-) 
#-------------------------------------------------------------------------------------------------------------------------------------------------------------------------------

(u) : Net has unmapped pin(s).

