xrun(64): 24.09-s001: (c) Copyright 1995-2024 Cadence Design Systems, Inc.
TOOL:	xrun(64)	24.09-s001: Started on Jul 10, 2026 at 17:23:40 -03
xrun
	-timescale 1ns/1ps
	/home/aluno/IP-main/SYNTHESIS/Sim/Netlists/PPA1/pipelined_processor_FPU.v
	/home/aluno/IP-main/RTL/lib/Core_no_FPU/cpuTB.v
	-v /home/aluno/IP-main/SYNTHESIS/LIB/slow_vdd1v0_basiccells.v
	-access +rwc
	-sdf_file /home/aluno/IP-main/SYNTHESIS/Sim/sdf/delays_PPA1.sdf
	-sdf_verbose
	-mess
	-gui
file: /home/aluno/IP-main/SYNTHESIS/Sim/Netlists/PPA1/pipelined_processor_FPU.v
	module worklib.pipelined_processor_FPU:v
		errors: 0, warnings: 0
		Caching library 'slow_vdd1v0_basiccells' ....... Done
		Caching library 'worklib' ....... Done
	Elaborating the design hierarchy:
	Top level design units:
		cpuTB
	Building instance overlay tables: .................... Done
	Generating native compiled code:
		worklib.pipelined_processor_FPU:v <0x7d51296e>
			streams:   1, words: 324691
	Building instance specific data structures.
	Loading native compiled code:     .................... Done
	Design hierarchy summary:
		                     Instances  Unique
		Modules:               128,624     119
		UDPs:                   35,355       2
		Primitives:            238,324       8
		Registers:                   7       9
		Scalar wires:           88,230       -
		Expanded wires:             64       2
		Always blocks:               1       1
		Initial blocks:              1       1
		Pseudo assignments:     33,377       -
		Simulation timescale:      1ps
	Writing initial simulation snapshot: worklib.cpuTB:v
xmsim: *W,NOMTDGUI: Multi-Threaded Dumping is disabled for interactive debug mode.

-------------------------------------
Relinquished control to SimVision...
xcelium> 
xcelium> source /apps/cds/XCELIUM2409/tools/xcelium/files/xmsimrc
xcelium> database -open waves -into waves.shm -default
Created default SHM database waves
xcelium> probe -create -shm cpuTB.ALUResultM cpuTB.MemWriteM cpuTB.RegWriteW cpuTB.WriteDataM
Created probe 1
xcelium> run
Simulation complete via $finish(1) at time 16250 NS + 0
../RTL/lib/Core_no_FPU/cpuTB.v:64     #6000 $finish;
xcelium> 