============================================================
  Generated by:           Genus(TM) Synthesis Solution 22.17-s071_1
  Generated on:           Jul 10 2026  02:51:33 pm
  Module:                 pipelined_processor_FPU
  Operating conditions:   PVT_0P9V_125C (balanced_tree)
  Wireload mode:          enclosed
  Area mode:              timing library
============================================================

Timing
--------

Clock  Period 
--------------
clk   20000.0 


  Cost    Critical         Violating 
 Group   Path Slack  TNS     Paths   
-------------------------------------
clk          1125.8   0.0          0 
default    No paths   0.0            
-------------------------------------
Total                 0.0          0 

Instance Count
--------------
Leaf Instance Count             93267 
Physical Instance count             0 
Sequential Instance Count       35355 
Combinational Instance Count    57912 
Hierarchical Instance Count         0 

Area
----
Cell Area                          314246.221
Physical Cell Area                 0.000
Total Cell Area (Cell+Physical)    314246.221
Net Area                           0.000
Total Area (Cell+Physical+Net)     314246.221

Max Fanout                         2587 (clk)
Min Fanout                         0 (n_101)
Average Fanout                     3.1
Terms to net ratio                 4.4746
Terms to instance ratio            4.4985
Runtime                            3518.596817 seconds
Elapsed Runtime                    3377 seconds
Genus peak memory usage            3162.25 
Innovus peak memory usage          no_value 
Hostname                           microeletronica-047
