============================================================
  Generated by:           Genus(TM) Synthesis Solution 22.17-s071_1
  Generated on:           Jul 14 2026  10:47:25 am
  Module:                 pipelined_processor_FPU
  Operating conditions:   PVT_0P9V_125C (balanced_tree)
  Wireload mode:          enclosed
  Area mode:              timing library
============================================================

Timing
--------

Clock  Period 
--------------
clk   20000.0 


  Cost    Critical         Violating 
 Group   Path Slack  TNS     Paths   
-------------------------------------
clk          1164.8   0.0          0 
default    No paths   0.0            
-------------------------------------
Total                 0.0          0 

Instance Count
--------------
Leaf Instance Count             95058 
Physical Instance count             0 
Sequential Instance Count       35420 
Combinational Instance Count    59638 
Hierarchical Instance Count        16 

Area
----
Cell Area                          317835.443
Physical Cell Area                 0.000
Total Cell Area (Cell+Physical)    317835.443
Net Area                           0.000
Total Area (Cell+Physical+Net)     317835.443

Max Fanout                         2652 (clk)
Min Fanout                         0 (n_1494)
Average Fanout                     3.0
Terms to net ratio                 4.4447
Terms to instance ratio            4.4685
Runtime                            2863.177575 seconds
Elapsed Runtime                    2637 seconds
Genus peak memory usage            3234.77 
Innovus peak memory usage          no_value 
Hostname                           microeletronica-047
