============================================================
  Generated by:           Genus(TM) Synthesis Solution 22.17-s071_1
  Generated on:           Jul 14 2026  10:37:13 am
  Module:                 pipelined_processor_FPU
  Operating conditions:   PVT_0P9V_125C (balanced_tree)
  Wireload mode:          enclosed
  Area mode:              timing library
============================================================

Timing
--------

Clock  Period 
--------------
clk   20000.0 


  Cost    Critical         Violating 
 Group   Path Slack  TNS     Paths   
-------------------------------------
clk          6817.6   0.0          0 
default    No paths   0.0            
-------------------------------------
Total                 0.0          0 

Instance Count
--------------
Leaf Instance Count             147608 
Physical Instance count              0 
Sequential Instance Count        35420 
Combinational Instance Count    112188 
Hierarchical Instance Count         72 

Area
----
Cell Area                          567207.565
Physical Cell Area                 0.000
Total Cell Area (Cell+Physical)    567207.565
Net Area                           0.000
Total Area (Cell+Physical+Net)     567207.565

Max Fanout                         1024 (D_RFF/clk_neg)
Min Fanout                         0 (n_1)
Average Fanout                     2.4
Terms to net ratio                 3.8599
Terms to instance ratio            3.8792
Runtime                            2210.99859 seconds
Elapsed Runtime                    2026 seconds
Genus peak memory usage            3234.77 
Innovus peak memory usage          no_value 
Hostname                           microeletronica-047
